<?xml version="1.0" encoding="utf-8"?>
<TestRun id="27e3a1ce-b169-404f-a02e-86d36dd0856f" name="@Charless-MacBook-Pro 2025-08-23 00:26:36" xmlns="http://microsoft.com/schemas/VisualStudio/TeamTest/2010">
  <Times creation="2025-08-23T00:26:36.1264080-04:00" queuing="2025-08-23T00:26:36.1264080-04:00" start="2025-08-23T00:26:35.7062030-04:00" finish="2025-08-23T00:26:36.1612480-04:00" />
  <TestSettings name="default" id="8c570a9f-0f90-4acc-b2f0-37b7cd0d124a">
    <Deployment runDeploymentRoot="_Charless-MacBook-Pro_2025-08-23_00_26_36" />
  </TestSettings>
  <Results>
    <UnitTestResult executionId="13a3bd0b-aaaf-4e75-bd58-f897eb9e7f3f" testId="091ee3d7-c6d7-f7e9-9296-437f6ac899f6" testName="AIEngineTests.Tests.ParsingTests.Should_Parse_Budget_Ranges(budgetPhrase: &quot;between 15 and 30&quot;, expectedMin: 15, expectedMax: 30)" computerName="Charless-MacBook-Pro" duration="00:00:00.0014761" startTime="2025-08-23T00:26:36.1107910-04:00" endTime="2025-08-23T00:26:36.1107910-04:00" testType="13cdc9d9-ddb5-4fa4-a97d-d965ccfc6d4b" outcome="Failed" testListId="8c84fa94-04c1-424b-9868-57a2d4851a1d" relativeResultsDirectory="13a3bd0b-aaaf-4e75-bd58-f897eb9e7f3f">
      <Output>
        <ErrorInfo>
          <Message>System.Net.Http.HttpRequestException : Connection refused (localhost:8080)
---- System.Net.Sockets.SocketException : Connection refused</Message>
          <StackTrace>   at System.Net.Http.HttpConnectionPool.ConnectToTcpHostAsync(String host, Int32 port, HttpRequestMessage initialRequest, Boolean async, CancellationToken cancellationToken)
   at System.Net.Http.HttpConnectionPool.ConnectAsync(HttpRequestMessage request, Boolean async, CancellationToken cancellationToken)
   at System.Net.Http.HttpConnectionPool.CreateHttp11ConnectionAsync(HttpRequestMessage request, Boolean async, CancellationToken cancellationToken)
   at System.Net.Http.HttpConnectionPool.InjectNewHttp11ConnectionAsync(QueueItem queueItem)
   at System.Threading.Tasks.TaskCompletionSourceWithCancellation`1.WaitWithCancellationAsync(CancellationToken cancellationToken)
   at System.Net.Http.HttpConnectionPool.SendWithVersionDetectionAndRetryAsync(HttpRequestMessage request, Boolean async, Boolean doRequestAuth, CancellationToken cancellationToken)
   at System.Net.Http.RedirectHandler.SendAsync(HttpRequestMessage request, Boolean async, CancellationToken cancellationToken)
   at System.Net.Http.HttpClient.&lt;SendAsync&gt;g__Core|83_0(HttpRequestMessage request, HttpCompletionOption completionOption, CancellationTokenSource cts, Boolean disposeCts, CancellationTokenSource pendingRequestsCts, CancellationToken originalCancellationToken)
   at AIEngineTests.Helpers.AIEngineApiClient.VerifyAgeAsync(AgeVerificationRequest request) in /Users/charrcy/projects/WeedGo/microservices/ai-engine-service/tests/WeedGo.AIEngine.Tests/AIEngineTests/AIEngineTests/Helpers/AIEngineApiClient.cs:line 44
   at AIEngineTests.Tests.ParsingTests.VerifyUser(String customerId) in /Users/charrcy/projects/WeedGo/microservices/ai-engine-service/tests/WeedGo.AIEngine.Tests/AIEngineTests/AIEngineTests/Tests/ParsingTests.cs:line 185
   at AIEngineTests.Tests.ParsingTests.Should_Parse_Budget_Ranges(String budgetPhrase, Decimal expectedMin, Decimal expectedMax) in /Users/charrcy/projects/WeedGo/microservices/ai-engine-service/tests/WeedGo.AIEngine.Tests/AIEngineTests/AIEngineTests/Tests/ParsingTests.cs:line 57
--- End of stack trace from previous location ---
----- Inner Stack Trace -----
   at System.Net.Sockets.Socket.AwaitableSocketAsyncEventArgs.ThrowException(SocketError error, CancellationToken cancellationToken)
   at System.Net.Sockets.Socket.AwaitableSocketAsyncEventArgs.System.Threading.Tasks.Sources.IValueTaskSource.GetResult(Int16 token)
   at System.Net.Sockets.Socket.&lt;ConnectAsync&gt;g__WaitForConnectWithCancellation|285_0(AwaitableSocketAsyncEventArgs saea, ValueTask connectTask, CancellationToken cancellationToken)
   at System.Net.Http.HttpConnectionPool.ConnectToTcpHostAsync(String host, Int32 port, HttpRequestMessage initialRequest, Boolean async, CancellationToken cancellationToken)</StackTrace>
        </ErrorInfo>
      </Output>
    </UnitTestResult>
    <UnitTestResult executionId="9ae9b019-cfb5-4bd3-b837-294d9edb80c9" testId="85d394b1-2011-1553-19ea-3e32de693a1a" testName="AIEngineTests.Tests.ConversationFlowTests.Should_Not_Get_Stuck_In_Qualification_Loop" computerName="Charless-MacBook-Pro" duration="00:00:00.0877102" startTime="2025-08-23T00:26:36.0930870-04:00" endTime="2025-08-23T00:26:36.0930870-04:00" testType="13cdc9d9-ddb5-4fa4-a97d-d965ccfc6d4b" outcome="Failed" testListId="8c84fa94-04c1-424b-9868-57a2d4851a1d" relativeResultsDirectory="9ae9b019-cfb5-4bd3-b837-294d9edb80c9">
      <Output>
        <ErrorInfo>
          <Message>System.Net.Http.HttpRequestException : An error occurred while sending the request.
---- System.Net.Http.HttpIOException : The response ended prematurely. (ResponseEnded)</Message>
          <StackTrace>   at System.Net.Http.HttpConnection.SendAsync(HttpRequestMessage request, Boolean async, CancellationToken cancellationToken)
   at System.Net.Http.HttpConnectionPool.SendWithVersionDetectionAndRetryAsync(HttpRequestMessage request, Boolean async, Boolean doRequestAuth, CancellationToken cancellationToken)
   at System.Net.Http.RedirectHandler.SendAsync(HttpRequestMessage request, Boolean async, CancellationToken cancellationToken)
   at System.Net.Http.HttpClient.&lt;SendAsync&gt;g__Core|83_0(HttpRequestMessage request, HttpCompletionOption completionOption, CancellationTokenSource cts, Boolean disposeCts, CancellationTokenSource pendingRequestsCts, CancellationToken originalCancellationToken)
   at AIEngineTests.Helpers.AIEngineApiClient.SendChatMessageAsync(ChatRequest request) in /Users/charrcy/projects/WeedGo/microservices/ai-engine-service/tests/WeedGo.AIEngine.Tests/AIEngineTests/AIEngineTests/Helpers/AIEngineApiClient.cs:line 27
   at AIEngineTests.Tests.ConversationFlowTests.Should_Not_Get_Stuck_In_Qualification_Loop() in /Users/charrcy/projects/WeedGo/microservices/ai-engine-service/tests/WeedGo.AIEngine.Tests/AIEngineTests/AIEngineTests/Tests/ConversationFlowTests.cs:line 46
--- End of stack trace from previous location ---
----- Inner Stack Trace -----
   at System.Net.Http.HttpConnection.SendAsync(HttpRequestMessage request, Boolean async, CancellationToken cancellationToken)</StackTrace>
        </ErrorInfo>
      </Output>
    </UnitTestResult>
    <UnitTestResult executionId="4179650d-e714-45a9-8218-bd785127a2d0" testId="3826d562-1a91-cc77-e34b-f8d5c904d1fd" testName="AIEngineTests.Tests.ParsingTests.Should_Parse_Product_Types(productType: &quot;joints&quot;, expectedKeywords: [&quot;joint&quot;, &quot;pre-roll&quot;])" computerName="Charless-MacBook-Pro" duration="00:00:00.0009317" startTime="2025-08-23T00:26:36.1190390-04:00" endTime="2025-08-23T00:26:36.1190390-04:00" testType="13cdc9d9-ddb5-4fa4-a97d-d965ccfc6d4b" outcome="Failed" testListId="8c84fa94-04c1-424b-9868-57a2d4851a1d" relativeResultsDirectory="4179650d-e714-45a9-8218-bd785127a2d0">
      <Output>
        <ErrorInfo>
          <Message>System.Net.Http.HttpRequestException : Connection refused (localhost:8080)
---- System.Net.Sockets.SocketException : Connection refused</Message>
          <StackTrace>   at System.Net.Http.HttpConnectionPool.ConnectToTcpHostAsync(String host, Int32 port, HttpRequestMessage initialRequest, Boolean async, CancellationToken cancellationToken)
   at System.Net.Http.HttpConnectionPool.ConnectAsync(HttpRequestMessage request, Boolean async, CancellationToken cancellationToken)
   at System.Net.Http.HttpConnectionPool.CreateHttp11ConnectionAsync(HttpRequestMessage request, Boolean async, CancellationToken cancellationToken)
   at System.Net.Http.HttpConnectionPool.InjectNewHttp11ConnectionAsync(QueueItem queueItem)
   at System.Threading.Tasks.TaskCompletionSourceWithCancellation`1.WaitWithCancellationAsync(CancellationToken cancellationToken)
   at System.Net.Http.HttpConnectionPool.SendWithVersionDetectionAndRetryAsync(HttpRequestMessage request, Boolean async, Boolean doRequestAuth, CancellationToken cancellationToken)
   at System.Net.Http.RedirectHandler.SendAsync(HttpRequestMessage request, Boolean async, CancellationToken cancellationToken)
   at System.Net.Http.HttpClient.&lt;SendAsync&gt;g__Core|83_0(HttpRequestMessage request, HttpCompletionOption completionOption, CancellationTokenSource cts, Boolean disposeCts, CancellationTokenSource pendingRequestsCts, CancellationToken originalCancellationToken)
   at AIEngineTests.Helpers.AIEngineApiClient.VerifyAgeAsync(AgeVerificationRequest request) in /Users/charrcy/projects/WeedGo/microservices/ai-engine-service/tests/WeedGo.AIEngine.Tests/AIEngineTests/AIEngineTests/Helpers/AIEngineApiClient.cs:line 44
   at AIEngineTests.Tests.ParsingTests.VerifyUser(String customerId) in /Users/charrcy/projects/WeedGo/microservices/ai-engine-service/tests/WeedGo.AIEngine.Tests/AIEngineTests/AIEngineTests/Tests/ParsingTests.cs:line 185
   at AIEngineTests.Tests.ParsingTests.Should_Parse_Product_Types(String productType, String[] expectedKeywords) in /Users/charrcy/projects/WeedGo/microservices/ai-engine-service/tests/WeedGo.AIEngine.Tests/AIEngineTests/AIEngineTests/Tests/ParsingTests.cs:line 123
--- End of stack trace from previous location ---
----- Inner Stack Trace -----
   at System.Net.Sockets.Socket.AwaitableSocketAsyncEventArgs.ThrowException(SocketError error, CancellationToken cancellationToken)
   at System.Net.Sockets.Socket.AwaitableSocketAsyncEventArgs.System.Threading.Tasks.Sources.IValueTaskSource.GetResult(Int16 token)
   at System.Net.Sockets.Socket.&lt;ConnectAsync&gt;g__WaitForConnectWithCancellation|285_0(AwaitableSocketAsyncEventArgs saea, ValueTask connectTask, CancellationToken cancellationToken)
   at System.Net.Http.HttpConnectionPool.ConnectToTcpHostAsync(String host, Int32 port, HttpRequestMessage initialRequest, Boolean async, CancellationToken cancellationToken)</StackTrace>
        </ErrorInfo>
      </Output>
    </UnitTestResult>
    <UnitTestResult executionId="6a90df60-d272-4fe0-aeac-65790ec92f44" testId="c593d7c5-1d6c-41ea-9870-2e5fb6a4f0f4" testName="AIEngineTests.Tests.ParsingTests.Should_Parse_Single_Budget_Values(budgetPhrase: &quot;less than 20 dollars&quot;, expectedMax: 20)" computerName="Charless-MacBook-Pro" duration="00:00:00.0007670" startTime="2025-08-23T00:26:36.1271810-04:00" endTime="2025-08-23T00:26:36.1271810-04:00" testType="13cdc9d9-ddb5-4fa4-a97d-d965ccfc6d4b" outcome="Failed" testListId="8c84fa94-04c1-424b-9868-57a2d4851a1d" relativeResultsDirectory="6a90df60-d272-4fe0-aeac-65790ec92f44">
      <Output>
        <ErrorInfo>
          <Message>System.Net.Http.HttpRequestException : Connection refused (localhost:8080)
---- System.Net.Sockets.SocketException : Connection refused</Message>
          <StackTrace>   at System.Net.Http.HttpConnectionPool.ConnectToTcpHostAsync(String host, Int32 port, HttpRequestMessage initialRequest, Boolean async, CancellationToken cancellationToken)
   at System.Net.Http.HttpConnectionPool.ConnectAsync(HttpRequestMessage request, Boolean async, CancellationToken cancellationToken)
   at System.Net.Http.HttpConnectionPool.CreateHttp11ConnectionAsync(HttpRequestMessage request, Boolean async, CancellationToken cancellationToken)
   at System.Net.Http.HttpConnectionPool.InjectNewHttp11ConnectionAsync(QueueItem queueItem)
   at System.Threading.Tasks.TaskCompletionSourceWithCancellation`1.WaitWithCancellationAsync(CancellationToken cancellationToken)
   at System.Net.Http.HttpConnectionPool.SendWithVersionDetectionAndRetryAsync(HttpRequestMessage request, Boolean async, Boolean doRequestAuth, CancellationToken cancellationToken)
   at System.Net.Http.RedirectHandler.SendAsync(HttpRequestMessage request, Boolean async, CancellationToken cancellationToken)
   at System.Net.Http.HttpClient.&lt;SendAsync&gt;g__Core|83_0(HttpRequestMessage request, HttpCompletionOption completionOption, CancellationTokenSource cts, Boolean disposeCts, CancellationTokenSource pendingRequestsCts, CancellationToken originalCancellationToken)
   at AIEngineTests.Helpers.AIEngineApiClient.VerifyAgeAsync(AgeVerificationRequest request) in /Users/charrcy/projects/WeedGo/microservices/ai-engine-service/tests/WeedGo.AIEngine.Tests/AIEngineTests/AIEngineTests/Helpers/AIEngineApiClient.cs:line 44
   at AIEngineTests.Tests.ParsingTests.VerifyUser(String customerId) in /Users/charrcy/projects/WeedGo/microservices/ai-engine-service/tests/WeedGo.AIEngine.Tests/AIEngineTests/AIEngineTests/Tests/ParsingTests.cs:line 185
   at AIEngineTests.Tests.ParsingTests.Should_Parse_Single_Budget_Values(String budgetPhrase, Decimal expectedMax) in /Users/charrcy/projects/WeedGo/microservices/ai-engine-service/tests/WeedGo.AIEngine.Tests/AIEngineTests/AIEngineTests/Tests/ParsingTests.cs:line 27
--- End of stack trace from previous location ---
----- Inner Stack Trace -----
   at System.Net.Sockets.Socket.AwaitableSocketAsyncEventArgs.ThrowException(SocketError error, CancellationToken cancellationToken)
   at System.Net.Sockets.Socket.AwaitableSocketAsyncEventArgs.System.Threading.Tasks.Sources.IValueTaskSource.GetResult(Int16 token)
   at System.Net.Sockets.Socket.&lt;ConnectAsync&gt;g__WaitForConnectWithCancellation|285_0(AwaitableSocketAsyncEventArgs saea, ValueTask connectTask, CancellationToken cancellationToken)
   at System.Net.Http.HttpConnectionPool.ConnectToTcpHostAsync(String host, Int32 port, HttpRequestMessage initialRequest, Boolean async, CancellationToken cancellationToken)</StackTrace>
        </ErrorInfo>
      </Output>
    </UnitTestResult>
    <UnitTestResult executionId="d9791e08-467a-45bd-a707-077c0d283720" testId="153416d4-f48b-ce53-2885-535dffd390d5" testName="AIEngineTests.Tests.ParsingTests.Should_Parse_Strain_Types(strainPhrase: &quot;sativa&quot;, expectedStrain: &quot;sativa&quot;)" computerName="Charless-MacBook-Pro" duration="00:00:00.0018087" startTime="2025-08-23T00:26:36.1207620-04:00" endTime="2025-08-23T00:26:36.1207620-04:00" testType="13cdc9d9-ddb5-4fa4-a97d-d965ccfc6d4b" outcome="Failed" testListId="8c84fa94-04c1-424b-9868-57a2d4851a1d" relativeResultsDirectory="d9791e08-467a-45bd-a707-077c0d283720">
      <Output>
        <ErrorInfo>
          <Message>System.Net.Http.HttpRequestException : Connection refused (localhost:8080)
---- System.Net.Sockets.SocketException : Connection refused</Message>
          <StackTrace>   at System.Net.Http.HttpConnectionPool.ConnectToTcpHostAsync(String host, Int32 port, HttpRequestMessage initialRequest, Boolean async, CancellationToken cancellationToken)
   at System.Net.Http.HttpConnectionPool.ConnectAsync(HttpRequestMessage request, Boolean async, CancellationToken cancellationToken)
   at System.Net.Http.HttpConnectionPool.CreateHttp11ConnectionAsync(HttpRequestMessage request, Boolean async, CancellationToken cancellationToken)
   at System.Net.Http.HttpConnectionPool.InjectNewHttp11ConnectionAsync(QueueItem queueItem)
   at System.Threading.Tasks.TaskCompletionSourceWithCancellation`1.WaitWithCancellationAsync(CancellationToken cancellationToken)
   at System.Net.Http.HttpConnectionPool.SendWithVersionDetectionAndRetryAsync(HttpRequestMessage request, Boolean async, Boolean doRequestAuth, CancellationToken cancellationToken)
   at System.Net.Http.RedirectHandler.SendAsync(HttpRequestMessage request, Boolean async, CancellationToken cancellationToken)
   at System.Net.Http.HttpClient.&lt;SendAsync&gt;g__Core|83_0(HttpRequestMessage request, HttpCompletionOption completionOption, CancellationTokenSource cts, Boolean disposeCts, CancellationTokenSource pendingRequestsCts, CancellationToken originalCancellationToken)
   at AIEngineTests.Helpers.AIEngineApiClient.VerifyAgeAsync(AgeVerificationRequest request) in /Users/charrcy/projects/WeedGo/microservices/ai-engine-service/tests/WeedGo.AIEngine.Tests/AIEngineTests/AIEngineTests/Helpers/AIEngineApiClient.cs:line 44
   at AIEngineTests.Tests.ParsingTests.VerifyUser(String customerId) in /Users/charrcy/projects/WeedGo/microservices/ai-engine-service/tests/WeedGo.AIEngine.Tests/AIEngineTests/AIEngineTests/Tests/ParsingTests.cs:line 185
   at AIEngineTests.Tests.ParsingTests.Should_Parse_Strain_Types(String strainPhrase, String expectedStrain) in /Users/charrcy/projects/WeedGo/microservices/ai-engine-service/tests/WeedGo.AIEngine.Tests/AIEngineTests/AIEngineTests/Tests/ParsingTests.cs:line 90
--- End of stack trace from previous location ---
----- Inner Stack Trace -----
   at System.Net.Sockets.Socket.AwaitableSocketAsyncEventArgs.ThrowException(SocketError error, CancellationToken cancellationToken)
   at System.Net.Sockets.Socket.AwaitableSocketAsyncEventArgs.System.Threading.Tasks.Sources.IValueTaskSource.GetResult(Int16 token)
   at System.Net.Sockets.Socket.&lt;ConnectAsync&gt;g__WaitForConnectWithCancellation|285_0(AwaitableSocketAsyncEventArgs saea, ValueTask connectTask, CancellationToken cancellationToken)
   at System.Net.Http.HttpConnectionPool.ConnectToTcpHostAsync(String host, Int32 port, HttpRequestMessage initialRequest, Boolean async, CancellationToken cancellationToken)</StackTrace>
        </ErrorInfo>
      </Output>
    </UnitTestResult>
    <UnitTestResult executionId="8449fa10-613a-44c1-95a6-db4500f2c7b1" testId="5d90ad39-3a58-4e30-b1c2-4fb5e627aa74" testName="AIEngineTests.Tests.ConversationFlowTests.Should_Progress_Through_Stages_Naturally" computerName="Charless-MacBook-Pro" duration="00:00:00.0021640" startTime="2025-08-23T00:26:36.1094730-04:00" endTime="2025-08-23T00:26:36.1094730-04:00" testType="13cdc9d9-ddb5-4fa4-a97d-d965ccfc6d4b" outcome="Failed" testListId="8c84fa94-04c1-424b-9868-57a2d4851a1d" relativeResultsDirectory="8449fa10-613a-44c1-95a6-db4500f2c7b1">
      <Output>
        <ErrorInfo>
          <Message>System.Net.Http.HttpRequestException : Connection refused (localhost:8080)
---- System.Net.Sockets.SocketException : Connection refused</Message>
          <StackTrace>   at System.Net.Http.HttpConnectionPool.ConnectToTcpHostAsync(String host, Int32 port, HttpRequestMessage initialRequest, Boolean async, CancellationToken cancellationToken)
   at System.Net.Http.HttpConnectionPool.ConnectAsync(HttpRequestMessage request, Boolean async, CancellationToken cancellationToken)
   at System.Net.Http.HttpConnectionPool.CreateHttp11ConnectionAsync(HttpRequestMessage request, Boolean async, CancellationToken cancellationToken)
   at System.Net.Http.HttpConnectionPool.InjectNewHttp11ConnectionAsync(QueueItem queueItem)
   at System.Threading.Tasks.TaskCompletionSourceWithCancellation`1.WaitWithCancellationAsync(CancellationToken cancellationToken)
   at System.Net.Http.HttpConnectionPool.SendWithVersionDetectionAndRetryAsync(HttpRequestMessage request, Boolean async, Boolean doRequestAuth, CancellationToken cancellationToken)
   at System.Net.Http.RedirectHandler.SendAsync(HttpRequestMessage request, Boolean async, CancellationToken cancellationToken)
   at System.Net.Http.HttpClient.&lt;SendAsync&gt;g__Core|83_0(HttpRequestMessage request, HttpCompletionOption completionOption, CancellationTokenSource cts, Boolean disposeCts, CancellationTokenSource pendingRequestsCts, CancellationToken originalCancellationToken)
   at AIEngineTests.Helpers.AIEngineApiClient.VerifyAgeAsync(AgeVerificationRequest request) in /Users/charrcy/projects/WeedGo/microservices/ai-engine-service/tests/WeedGo.AIEngine.Tests/AIEngineTests/AIEngineTests/Helpers/AIEngineApiClient.cs:line 44
   at AIEngineTests.Tests.ConversationFlowTests.VerifyUser(String customerId) in /Users/charrcy/projects/WeedGo/microservices/ai-engine-service/tests/WeedGo.AIEngine.Tests/AIEngineTests/AIEngineTests/Tests/ConversationFlowTests.cs:line 173
   at AIEngineTests.Tests.ConversationFlowTests.Should_Progress_Through_Stages_Naturally() in /Users/charrcy/projects/WeedGo/microservices/ai-engine-service/tests/WeedGo.AIEngine.Tests/AIEngineTests/AIEngineTests/Tests/ConversationFlowTests.cs:line 65
--- End of stack trace from previous location ---
----- Inner Stack Trace -----
   at System.Net.Sockets.Socket.AwaitableSocketAsyncEventArgs.ThrowException(SocketError error, CancellationToken cancellationToken)
   at System.Net.Sockets.Socket.AwaitableSocketAsyncEventArgs.System.Threading.Tasks.Sources.IValueTaskSource.GetResult(Int16 token)
   at System.Net.Sockets.Socket.&lt;ConnectAsync&gt;g__WaitForConnectWithCancellation|285_0(AwaitableSocketAsyncEventArgs saea, ValueTask connectTask, CancellationToken cancellationToken)
   at System.Net.Http.HttpConnectionPool.ConnectToTcpHostAsync(String host, Int32 port, HttpRequestMessage initialRequest, Boolean async, CancellationToken cancellationToken)</StackTrace>
        </ErrorInfo>
      </Output>
    </UnitTestResult>
    <UnitTestResult executionId="14e5d4dc-20ee-40bd-9619-eddd0f8ff2b7" testId="4a3c5c6e-4b48-ce7b-be08-5fcc092be542" testName="AIEngineTests.Tests.DirectProductRequestTests.Should_Handle_Multiple_Criteria" computerName="Charless-MacBook-Pro" duration="00:00:00.0014891" startTime="2025-08-23T00:26:36.1153260-04:00" endTime="2025-08-23T00:26:36.1153260-04:00" testType="13cdc9d9-ddb5-4fa4-a97d-d965ccfc6d4b" outcome="Failed" testListId="8c84fa94-04c1-424b-9868-57a2d4851a1d" relativeResultsDirectory="14e5d4dc-20ee-40bd-9619-eddd0f8ff2b7">
      <Output>
        <ErrorInfo>
          <Message>System.Net.Http.HttpRequestException : Connection refused (localhost:8080)
---- System.Net.Sockets.SocketException : Connection refused</Message>
          <StackTrace>   at System.Net.Http.HttpConnectionPool.ConnectToTcpHostAsync(String host, Int32 port, HttpRequestMessage initialRequest, Boolean async, CancellationToken cancellationToken)
   at System.Net.Http.HttpConnectionPool.ConnectAsync(HttpRequestMessage request, Boolean async, CancellationToken cancellationToken)
   at System.Net.Http.HttpConnectionPool.CreateHttp11ConnectionAsync(HttpRequestMessage request, Boolean async, CancellationToken cancellationToken)
   at System.Net.Http.HttpConnectionPool.InjectNewHttp11ConnectionAsync(QueueItem queueItem)
   at System.Threading.Tasks.TaskCompletionSourceWithCancellation`1.WaitWithCancellationAsync(CancellationToken cancellationToken)
   at System.Net.Http.HttpConnectionPool.SendWithVersionDetectionAndRetryAsync(HttpRequestMessage request, Boolean async, Boolean doRequestAuth, CancellationToken cancellationToken)
   at System.Net.Http.RedirectHandler.SendAsync(HttpRequestMessage request, Boolean async, CancellationToken cancellationToken)
   at System.Net.Http.HttpClient.&lt;SendAsync&gt;g__Core|83_0(HttpRequestMessage request, HttpCompletionOption completionOption, CancellationTokenSource cts, Boolean disposeCts, CancellationTokenSource pendingRequestsCts, CancellationToken originalCancellationToken)
   at AIEngineTests.Helpers.AIEngineApiClient.VerifyAgeAsync(AgeVerificationRequest request) in /Users/charrcy/projects/WeedGo/microservices/ai-engine-service/tests/WeedGo.AIEngine.Tests/AIEngineTests/AIEngineTests/Helpers/AIEngineApiClient.cs:line 44
   at AIEngineTests.Tests.DirectProductRequestTests.VerifyTestUser(String customerId) in /Users/charrcy/projects/WeedGo/microservices/ai-engine-service/tests/WeedGo.AIEngine.Tests/AIEngineTests/AIEngineTests/Tests/DirectProductRequestTests.cs:line 133
   at AIEngineTests.Tests.DirectProductRequestTests.Should_Handle_Multiple_Criteria() in /Users/charrcy/projects/WeedGo/microservices/ai-engine-service/tests/WeedGo.AIEngine.Tests/AIEngineTests/AIEngineTests/Tests/DirectProductRequestTests.cs:line 109
--- End of stack trace from previous location ---
----- Inner Stack Trace -----
   at System.Net.Sockets.Socket.AwaitableSocketAsyncEventArgs.ThrowException(SocketError error, CancellationToken cancellationToken)
   at System.Net.Sockets.Socket.AwaitableSocketAsyncEventArgs.System.Threading.Tasks.Sources.IValueTaskSource.GetResult(Int16 token)
   at System.Net.Sockets.Socket.&lt;ConnectAsync&gt;g__WaitForConnectWithCancellation|285_0(AwaitableSocketAsyncEventArgs saea, ValueTask connectTask, CancellationToken cancellationToken)
   at System.Net.Http.HttpConnectionPool.ConnectToTcpHostAsync(String host, Int32 port, HttpRequestMessage initialRequest, Boolean async, CancellationToken cancellationToken)</StackTrace>
        </ErrorInfo>
      </Output>
    </UnitTestResult>
    <UnitTestResult executionId="abd8aa4d-741c-4db5-8ff4-f2f9a2f7188d" testId="bfb71306-9bee-6c5b-eba3-923430923e27" testName="AIEngineTests.Tests.ParsingTests.Should_Parse_Budget_Ranges(budgetPhrase: &quot;$10 to $20&quot;, expectedMin: 10, expectedMax: 20)" computerName="Charless-MacBook-Pro" duration="00:00:00.0020127" startTime="2025-08-23T00:26:36.1099100-04:00" endTime="2025-08-23T00:26:36.1099100-04:00" testType="13cdc9d9-ddb5-4fa4-a97d-d965ccfc6d4b" outcome="Failed" testListId="8c84fa94-04c1-424b-9868-57a2d4851a1d" relativeResultsDirectory="abd8aa4d-741c-4db5-8ff4-f2f9a2f7188d">
      <Output>
        <ErrorInfo>
          <Message>System.Net.Http.HttpRequestException : Connection refused (localhost:8080)
---- System.Net.Sockets.SocketException : Connection refused</Message>
          <StackTrace>   at System.Net.Http.HttpConnectionPool.ConnectToTcpHostAsync(String host, Int32 port, HttpRequestMessage initialRequest, Boolean async, CancellationToken cancellationToken)
   at System.Net.Http.HttpConnectionPool.ConnectAsync(HttpRequestMessage request, Boolean async, CancellationToken cancellationToken)
   at System.Net.Http.HttpConnectionPool.CreateHttp11ConnectionAsync(HttpRequestMessage request, Boolean async, CancellationToken cancellationToken)
   at System.Net.Http.HttpConnectionPool.InjectNewHttp11ConnectionAsync(QueueItem queueItem)
   at System.Threading.Tasks.TaskCompletionSourceWithCancellation`1.WaitWithCancellationAsync(CancellationToken cancellationToken)
   at System.Net.Http.HttpConnectionPool.SendWithVersionDetectionAndRetryAsync(HttpRequestMessage request, Boolean async, Boolean doRequestAuth, CancellationToken cancellationToken)
   at System.Net.Http.RedirectHandler.SendAsync(HttpRequestMessage request, Boolean async, CancellationToken cancellationToken)
   at System.Net.Http.HttpClient.&lt;SendAsync&gt;g__Core|83_0(HttpRequestMessage request, HttpCompletionOption completionOption, CancellationTokenSource cts, Boolean disposeCts, CancellationTokenSource pendingRequestsCts, CancellationToken originalCancellationToken)
   at AIEngineTests.Helpers.AIEngineApiClient.VerifyAgeAsync(AgeVerificationRequest request) in /Users/charrcy/projects/WeedGo/microservices/ai-engine-service/tests/WeedGo.AIEngine.Tests/AIEngineTests/AIEngineTests/Helpers/AIEngineApiClient.cs:line 44
   at AIEngineTests.Tests.ParsingTests.VerifyUser(String customerId) in /Users/charrcy/projects/WeedGo/microservices/ai-engine-service/tests/WeedGo.AIEngine.Tests/AIEngineTests/AIEngineTests/Tests/ParsingTests.cs:line 185
   at AIEngineTests.Tests.ParsingTests.Should_Parse_Budget_Ranges(String budgetPhrase, Decimal expectedMin, Decimal expectedMax) in /Users/charrcy/projects/WeedGo/microservices/ai-engine-service/tests/WeedGo.AIEngine.Tests/AIEngineTests/AIEngineTests/Tests/ParsingTests.cs:line 57
--- End of stack trace from previous location ---
----- Inner Stack Trace -----
   at System.Net.Sockets.Socket.AwaitableSocketAsyncEventArgs.ThrowException(SocketError error, CancellationToken cancellationToken)
   at System.Net.Sockets.Socket.AwaitableSocketAsyncEventArgs.System.Threading.Tasks.Sources.IValueTaskSource.GetResult(Int16 token)
   at System.Net.Sockets.Socket.&lt;ConnectAsync&gt;g__WaitForConnectWithCancellation|285_0(AwaitableSocketAsyncEventArgs saea, ValueTask connectTask, CancellationToken cancellationToken)
   at System.Net.Http.HttpConnectionPool.ConnectToTcpHostAsync(String host, Int32 port, HttpRequestMessage initialRequest, Boolean async, CancellationToken cancellationToken)</StackTrace>
        </ErrorInfo>
      </Output>
    </UnitTestResult>
    <UnitTestResult executionId="ebcb5128-251d-4698-b75c-de93b6190f7f" testId="d7e14c48-21e1-3d79-3151-205917e21840" testName="AIEngineTests.Tests.ParsingTests.Should_Parse_Product_Types(productType: &quot;joint&quot;, expectedKeywords: [&quot;joint&quot;, &quot;pre-roll&quot;])" computerName="Charless-MacBook-Pro" duration="00:00:00.0016112" startTime="2025-08-23T00:26:36.1156430-04:00" endTime="2025-08-23T00:26:36.1156430-04:00" testType="13cdc9d9-ddb5-4fa4-a97d-d965ccfc6d4b" outcome="Failed" testListId="8c84fa94-04c1-424b-9868-57a2d4851a1d" relativeResultsDirectory="ebcb5128-251d-4698-b75c-de93b6190f7f">
      <Output>
        <ErrorInfo>
          <Message>System.Net.Http.HttpRequestException : Connection refused (localhost:8080)
---- System.Net.Sockets.SocketException : Connection refused</Message>
          <StackTrace>   at System.Net.Http.HttpConnectionPool.ConnectToTcpHostAsync(String host, Int32 port, HttpRequestMessage initialRequest, Boolean async, CancellationToken cancellationToken)
   at System.Net.Http.HttpConnectionPool.ConnectAsync(HttpRequestMessage request, Boolean async, CancellationToken cancellationToken)
   at System.Net.Http.HttpConnectionPool.CreateHttp11ConnectionAsync(HttpRequestMessage request, Boolean async, CancellationToken cancellationToken)
   at System.Net.Http.HttpConnectionPool.InjectNewHttp11ConnectionAsync(QueueItem queueItem)
   at System.Threading.Tasks.TaskCompletionSourceWithCancellation`1.WaitWithCancellationAsync(CancellationToken cancellationToken)
   at System.Net.Http.HttpConnectionPool.SendWithVersionDetectionAndRetryAsync(HttpRequestMessage request, Boolean async, Boolean doRequestAuth, CancellationToken cancellationToken)
   at System.Net.Http.RedirectHandler.SendAsync(HttpRequestMessage request, Boolean async, CancellationToken cancellationToken)
   at System.Net.Http.HttpClient.&lt;SendAsync&gt;g__Core|83_0(HttpRequestMessage request, HttpCompletionOption completionOption, CancellationTokenSource cts, Boolean disposeCts, CancellationTokenSource pendingRequestsCts, CancellationToken originalCancellationToken)
   at AIEngineTests.Helpers.AIEngineApiClient.VerifyAgeAsync(AgeVerificationRequest request) in /Users/charrcy/projects/WeedGo/microservices/ai-engine-service/tests/WeedGo.AIEngine.Tests/AIEngineTests/AIEngineTests/Helpers/AIEngineApiClient.cs:line 44
   at AIEngineTests.Tests.ParsingTests.VerifyUser(String customerId) in /Users/charrcy/projects/WeedGo/microservices/ai-engine-service/tests/WeedGo.AIEngine.Tests/AIEngineTests/AIEngineTests/Tests/ParsingTests.cs:line 185
   at AIEngineTests.Tests.ParsingTests.Should_Parse_Product_Types(String productType, String[] expectedKeywords) in /Users/charrcy/projects/WeedGo/microservices/ai-engine-service/tests/WeedGo.AIEngine.Tests/AIEngineTests/AIEngineTests/Tests/ParsingTests.cs:line 123
--- End of stack trace from previous location ---
----- Inner Stack Trace -----
   at System.Net.Sockets.Socket.AwaitableSocketAsyncEventArgs.ThrowException(SocketError error, CancellationToken cancellationToken)
   at System.Net.Sockets.Socket.AwaitableSocketAsyncEventArgs.System.Threading.Tasks.Sources.IValueTaskSource.GetResult(Int16 token)
   at System.Net.Sockets.Socket.&lt;ConnectAsync&gt;g__WaitForConnectWithCancellation|285_0(AwaitableSocketAsyncEventArgs saea, ValueTask connectTask, CancellationToken cancellationToken)
   at System.Net.Http.HttpConnectionPool.ConnectToTcpHostAsync(String host, Int32 port, HttpRequestMessage initialRequest, Boolean async, CancellationToken cancellationToken)</StackTrace>
        </ErrorInfo>
      </Output>
    </UnitTestResult>
    <UnitTestResult executionId="63641ff4-d0ce-4a23-83d8-ac2349248be2" testId="b86622d0-70fe-eb7d-efba-35bf46853b80" testName="AIEngineTests.Tests.AgeVerificationTests.Should_Allow_Guest_Users_Limited_Access" computerName="Charless-MacBook-Pro" duration="00:00:00.0022134" startTime="2025-08-23T00:26:36.0942220-04:00" endTime="2025-08-23T00:26:36.0942220-04:00" testType="13cdc9d9-ddb5-4fa4-a97d-d965ccfc6d4b" outcome="Failed" testListId="8c84fa94-04c1-424b-9868-57a2d4851a1d" relativeResultsDirectory="63641ff4-d0ce-4a23-83d8-ac2349248be2">
      <Output>
        <ErrorInfo>
          <Message>System.Net.Http.HttpRequestException : Connection refused (localhost:8080)
---- System.Net.Sockets.SocketException : Connection refused</Message>
          <StackTrace>   at System.Net.Http.HttpConnectionPool.ConnectToTcpHostAsync(String host, Int32 port, HttpRequestMessage initialRequest, Boolean async, CancellationToken cancellationToken)
   at System.Net.Http.HttpConnectionPool.ConnectAsync(HttpRequestMessage request, Boolean async, CancellationToken cancellationToken)
   at System.Net.Http.HttpConnectionPool.CreateHttp11ConnectionAsync(HttpRequestMessage request, Boolean async, CancellationToken cancellationToken)
   at System.Net.Http.HttpConnectionPool.InjectNewHttp11ConnectionAsync(QueueItem queueItem)
   at System.Threading.Tasks.TaskCompletionSourceWithCancellation`1.WaitWithCancellationAsync(CancellationToken cancellationToken)
   at System.Net.Http.HttpConnectionPool.SendWithVersionDetectionAndRetryAsync(HttpRequestMessage request, Boolean async, Boolean doRequestAuth, CancellationToken cancellationToken)
   at System.Net.Http.RedirectHandler.SendAsync(HttpRequestMessage request, Boolean async, CancellationToken cancellationToken)
   at System.Net.Http.HttpClient.&lt;SendAsync&gt;g__Core|83_0(HttpRequestMessage request, HttpCompletionOption completionOption, CancellationTokenSource cts, Boolean disposeCts, CancellationTokenSource pendingRequestsCts, CancellationToken originalCancellationToken)
   at AIEngineTests.Helpers.AIEngineApiClient.SendChatMessageAsync(ChatRequest request) in /Users/charrcy/projects/WeedGo/microservices/ai-engine-service/tests/WeedGo.AIEngine.Tests/AIEngineTests/AIEngineTests/Helpers/AIEngineApiClient.cs:line 27
   at AIEngineTests.Tests.AgeVerificationTests.Should_Allow_Guest_Users_Limited_Access() in /Users/charrcy/projects/WeedGo/microservices/ai-engine-service/tests/WeedGo.AIEngine.Tests/AIEngineTests/AIEngineTests/Tests/AgeVerificationTests.cs:line 133
--- End of stack trace from previous location ---
----- Inner Stack Trace -----
   at System.Net.Sockets.Socket.AwaitableSocketAsyncEventArgs.ThrowException(SocketError error, CancellationToken cancellationToken)
   at System.Net.Sockets.Socket.AwaitableSocketAsyncEventArgs.System.Threading.Tasks.Sources.IValueTaskSource.GetResult(Int16 token)
   at System.Net.Sockets.Socket.&lt;ConnectAsync&gt;g__WaitForConnectWithCancellation|285_0(AwaitableSocketAsyncEventArgs saea, ValueTask connectTask, CancellationToken cancellationToken)
   at System.Net.Http.HttpConnectionPool.ConnectToTcpHostAsync(String host, Int32 port, HttpRequestMessage initialRequest, Boolean async, CancellationToken cancellationToken)</StackTrace>
        </ErrorInfo>
      </Output>
    </UnitTestResult>
    <UnitTestResult executionId="1fd92452-7759-4bfb-bd47-a040fb135ded" testId="d429b5f5-83d1-fdb9-5ebd-8e53d41f5601" testName="AIEngineTests.Tests.ParsingTests.Should_Parse_Product_Types(productType: &quot;pre-roll&quot;, expectedKeywords: [&quot;pre-roll&quot;, &quot;joint&quot;])" computerName="Charless-MacBook-Pro" duration="00:00:00.0009011" startTime="2025-08-23T00:26:36.1200800-04:00" endTime="2025-08-23T00:26:36.1200800-04:00" testType="13cdc9d9-ddb5-4fa4-a97d-d965ccfc6d4b" outcome="Failed" testListId="8c84fa94-04c1-424b-9868-57a2d4851a1d" relativeResultsDirectory="1fd92452-7759-4bfb-bd47-a040fb135ded">
      <Output>
        <ErrorInfo>
          <Message>System.Net.Http.HttpRequestException : Connection refused (localhost:8080)
---- System.Net.Sockets.SocketException : Connection refused</Message>
          <StackTrace>   at System.Net.Http.HttpConnectionPool.ConnectToTcpHostAsync(String host, Int32 port, HttpRequestMessage initialRequest, Boolean async, CancellationToken cancellationToken)
   at System.Net.Http.HttpConnectionPool.ConnectAsync(HttpRequestMessage request, Boolean async, CancellationToken cancellationToken)
   at System.Net.Http.HttpConnectionPool.CreateHttp11ConnectionAsync(HttpRequestMessage request, Boolean async, CancellationToken cancellationToken)
   at System.Net.Http.HttpConnectionPool.InjectNewHttp11ConnectionAsync(QueueItem queueItem)
   at System.Threading.Tasks.TaskCompletionSourceWithCancellation`1.WaitWithCancellationAsync(CancellationToken cancellationToken)
   at System.Net.Http.HttpConnectionPool.SendWithVersionDetectionAndRetryAsync(HttpRequestMessage request, Boolean async, Boolean doRequestAuth, CancellationToken cancellationToken)
   at System.Net.Http.RedirectHandler.SendAsync(HttpRequestMessage request, Boolean async, CancellationToken cancellationToken)
   at System.Net.Http.HttpClient.&lt;SendAsync&gt;g__Core|83_0(HttpRequestMessage request, HttpCompletionOption completionOption, CancellationTokenSource cts, Boolean disposeCts, CancellationTokenSource pendingRequestsCts, CancellationToken originalCancellationToken)
   at AIEngineTests.Helpers.AIEngineApiClient.VerifyAgeAsync(AgeVerificationRequest request) in /Users/charrcy/projects/WeedGo/microservices/ai-engine-service/tests/WeedGo.AIEngine.Tests/AIEngineTests/AIEngineTests/Helpers/AIEngineApiClient.cs:line 44
   at AIEngineTests.Tests.ParsingTests.VerifyUser(String customerId) in /Users/charrcy/projects/WeedGo/microservices/ai-engine-service/tests/WeedGo.AIEngine.Tests/AIEngineTests/AIEngineTests/Tests/ParsingTests.cs:line 185
   at AIEngineTests.Tests.ParsingTests.Should_Parse_Product_Types(String productType, String[] expectedKeywords) in /Users/charrcy/projects/WeedGo/microservices/ai-engine-service/tests/WeedGo.AIEngine.Tests/AIEngineTests/AIEngineTests/Tests/ParsingTests.cs:line 123
--- End of stack trace from previous location ---
----- Inner Stack Trace -----
   at System.Net.Sockets.Socket.AwaitableSocketAsyncEventArgs.ThrowException(SocketError error, CancellationToken cancellationToken)
   at System.Net.Sockets.Socket.AwaitableSocketAsyncEventArgs.System.Threading.Tasks.Sources.IValueTaskSource.GetResult(Int16 token)
   at System.Net.Sockets.Socket.&lt;ConnectAsync&gt;g__WaitForConnectWithCancellation|285_0(AwaitableSocketAsyncEventArgs saea, ValueTask connectTask, CancellationToken cancellationToken)
   at System.Net.Http.HttpConnectionPool.ConnectToTcpHostAsync(String host, Int32 port, HttpRequestMessage initialRequest, Boolean async, CancellationToken cancellationToken)</StackTrace>
        </ErrorInfo>
      </Output>
    </UnitTestResult>
    <UnitTestResult executionId="dc8759d0-eddb-48af-8197-4d9aeb03183a" testId="5c8603c1-7761-5673-2bf9-5d573194cfba" testName="AIEngineTests.Tests.ParsingTests.Should_Parse_Product_Types(productType: &quot;flower&quot;, expectedKeywords: [&quot;flower&quot;, &quot;bud&quot;])" computerName="Charless-MacBook-Pro" duration="00:00:00.0008617" startTime="2025-08-23T00:26:36.1196580-04:00" endTime="2025-08-23T00:26:36.1196580-04:00" testType="13cdc9d9-ddb5-4fa4-a97d-d965ccfc6d4b" outcome="Failed" testListId="8c84fa94-04c1-424b-9868-57a2d4851a1d" relativeResultsDirectory="dc8759d0-eddb-48af-8197-4d9aeb03183a">
      <Output>
        <ErrorInfo>
          <Message>System.Net.Http.HttpRequestException : Connection refused (localhost:8080)
---- System.Net.Sockets.SocketException : Connection refused</Message>
          <StackTrace>   at System.Net.Http.HttpConnectionPool.ConnectToTcpHostAsync(String host, Int32 port, HttpRequestMessage initialRequest, Boolean async, CancellationToken cancellationToken)
   at System.Net.Http.HttpConnectionPool.ConnectAsync(HttpRequestMessage request, Boolean async, CancellationToken cancellationToken)
   at System.Net.Http.HttpConnectionPool.CreateHttp11ConnectionAsync(HttpRequestMessage request, Boolean async, CancellationToken cancellationToken)
   at System.Net.Http.HttpConnectionPool.InjectNewHttp11ConnectionAsync(QueueItem queueItem)
   at System.Threading.Tasks.TaskCompletionSourceWithCancellation`1.WaitWithCancellationAsync(CancellationToken cancellationToken)
   at System.Net.Http.HttpConnectionPool.SendWithVersionDetectionAndRetryAsync(HttpRequestMessage request, Boolean async, Boolean doRequestAuth, CancellationToken cancellationToken)
   at System.Net.Http.RedirectHandler.SendAsync(HttpRequestMessage request, Boolean async, CancellationToken cancellationToken)
   at System.Net.Http.HttpClient.&lt;SendAsync&gt;g__Core|83_0(HttpRequestMessage request, HttpCompletionOption completionOption, CancellationTokenSource cts, Boolean disposeCts, CancellationTokenSource pendingRequestsCts, CancellationToken originalCancellationToken)
   at AIEngineTests.Helpers.AIEngineApiClient.VerifyAgeAsync(AgeVerificationRequest request) in /Users/charrcy/projects/WeedGo/microservices/ai-engine-service/tests/WeedGo.AIEngine.Tests/AIEngineTests/AIEngineTests/Helpers/AIEngineApiClient.cs:line 44
   at AIEngineTests.Tests.ParsingTests.VerifyUser(String customerId) in /Users/charrcy/projects/WeedGo/microservices/ai-engine-service/tests/WeedGo.AIEngine.Tests/AIEngineTests/AIEngineTests/Tests/ParsingTests.cs:line 185
   at AIEngineTests.Tests.ParsingTests.Should_Parse_Product_Types(String productType, String[] expectedKeywords) in /Users/charrcy/projects/WeedGo/microservices/ai-engine-service/tests/WeedGo.AIEngine.Tests/AIEngineTests/AIEngineTests/Tests/ParsingTests.cs:line 123
--- End of stack trace from previous location ---
----- Inner Stack Trace -----
   at System.Net.Sockets.Socket.AwaitableSocketAsyncEventArgs.ThrowException(SocketError error, CancellationToken cancellationToken)
   at System.Net.Sockets.Socket.AwaitableSocketAsyncEventArgs.System.Threading.Tasks.Sources.IValueTaskSource.GetResult(Int16 token)
   at System.Net.Sockets.Socket.&lt;ConnectAsync&gt;g__WaitForConnectWithCancellation|285_0(AwaitableSocketAsyncEventArgs saea, ValueTask connectTask, CancellationToken cancellationToken)
   at System.Net.Http.HttpConnectionPool.ConnectToTcpHostAsync(String host, Int32 port, HttpRequestMessage initialRequest, Boolean async, CancellationToken cancellationToken)</StackTrace>
        </ErrorInfo>
      </Output>
    </UnitTestResult>
    <UnitTestResult executionId="19ec6526-9ed0-474e-99c6-1ce298930be7" testId="3f745290-1a17-45c3-0baf-6a391d4d2ebc" testName="AIEngineTests.Tests.ParsingTests.Should_Parse_Single_Budget_Values(budgetPhrase: &quot;products under 30&quot;, expectedMax: 30)" computerName="Charless-MacBook-Pro" duration="00:00:00.0008037" startTime="2025-08-23T00:26:36.1282990-04:00" endTime="2025-08-23T00:26:36.1282990-04:00" testType="13cdc9d9-ddb5-4fa4-a97d-d965ccfc6d4b" outcome="Failed" testListId="8c84fa94-04c1-424b-9868-57a2d4851a1d" relativeResultsDirectory="19ec6526-9ed0-474e-99c6-1ce298930be7">
      <Output>
        <ErrorInfo>
          <Message>System.Net.Http.HttpRequestException : Connection refused (localhost:8080)
---- System.Net.Sockets.SocketException : Connection refused</Message>
          <StackTrace>   at System.Net.Http.HttpConnectionPool.ConnectToTcpHostAsync(String host, Int32 port, HttpRequestMessage initialRequest, Boolean async, CancellationToken cancellationToken)
   at System.Net.Http.HttpConnectionPool.ConnectAsync(HttpRequestMessage request, Boolean async, CancellationToken cancellationToken)
   at System.Net.Http.HttpConnectionPool.CreateHttp11ConnectionAsync(HttpRequestMessage request, Boolean async, CancellationToken cancellationToken)
   at System.Net.Http.HttpConnectionPool.InjectNewHttp11ConnectionAsync(QueueItem queueItem)
   at System.Threading.Tasks.TaskCompletionSourceWithCancellation`1.WaitWithCancellationAsync(CancellationToken cancellationToken)
   at System.Net.Http.HttpConnectionPool.SendWithVersionDetectionAndRetryAsync(HttpRequestMessage request, Boolean async, Boolean doRequestAuth, CancellationToken cancellationToken)
   at System.Net.Http.RedirectHandler.SendAsync(HttpRequestMessage request, Boolean async, CancellationToken cancellationToken)
   at System.Net.Http.HttpClient.&lt;SendAsync&gt;g__Core|83_0(HttpRequestMessage request, HttpCompletionOption completionOption, CancellationTokenSource cts, Boolean disposeCts, CancellationTokenSource pendingRequestsCts, CancellationToken originalCancellationToken)
   at AIEngineTests.Helpers.AIEngineApiClient.VerifyAgeAsync(AgeVerificationRequest request) in /Users/charrcy/projects/WeedGo/microservices/ai-engine-service/tests/WeedGo.AIEngine.Tests/AIEngineTests/AIEngineTests/Helpers/AIEngineApiClient.cs:line 44
   at AIEngineTests.Tests.ParsingTests.VerifyUser(String customerId) in /Users/charrcy/projects/WeedGo/microservices/ai-engine-service/tests/WeedGo.AIEngine.Tests/AIEngineTests/AIEngineTests/Tests/ParsingTests.cs:line 185
   at AIEngineTests.Tests.ParsingTests.Should_Parse_Single_Budget_Values(String budgetPhrase, Decimal expectedMax) in /Users/charrcy/projects/WeedGo/microservices/ai-engine-service/tests/WeedGo.AIEngine.Tests/AIEngineTests/AIEngineTests/Tests/ParsingTests.cs:line 27
--- End of stack trace from previous location ---
----- Inner Stack Trace -----
   at System.Net.Sockets.Socket.AwaitableSocketAsyncEventArgs.ThrowException(SocketError error, CancellationToken cancellationToken)
   at System.Net.Sockets.Socket.AwaitableSocketAsyncEventArgs.System.Threading.Tasks.Sources.IValueTaskSource.GetResult(Int16 token)
   at System.Net.Sockets.Socket.&lt;ConnectAsync&gt;g__WaitForConnectWithCancellation|285_0(AwaitableSocketAsyncEventArgs saea, ValueTask connectTask, CancellationToken cancellationToken)
   at System.Net.Http.HttpConnectionPool.ConnectToTcpHostAsync(String host, Int32 port, HttpRequestMessage initialRequest, Boolean async, CancellationToken cancellationToken)</StackTrace>
        </ErrorInfo>
      </Output>
    </UnitTestResult>
    <UnitTestResult executionId="19243abd-dfd5-4926-8e8e-81ab7b292f49" testId="b1c187fa-fc3b-832d-4a88-d801e639918f" testName="AIEngineTests.Tests.ParsingTests.Should_Parse_Single_Budget_Values(budgetPhrase: &quot;under $15&quot;, expectedMax: 15)" computerName="Charless-MacBook-Pro" duration="00:00:00.0014142" startTime="2025-08-23T00:26:36.1233310-04:00" endTime="2025-08-23T00:26:36.1233310-04:00" testType="13cdc9d9-ddb5-4fa4-a97d-d965ccfc6d4b" outcome="Failed" testListId="8c84fa94-04c1-424b-9868-57a2d4851a1d" relativeResultsDirectory="19243abd-dfd5-4926-8e8e-81ab7b292f49">
      <Output>
        <ErrorInfo>
          <Message>System.Net.Http.HttpRequestException : Connection refused (localhost:8080)
---- System.Net.Sockets.SocketException : Connection refused</Message>
          <StackTrace>   at System.Net.Http.HttpConnectionPool.ConnectToTcpHostAsync(String host, Int32 port, HttpRequestMessage initialRequest, Boolean async, CancellationToken cancellationToken)
   at System.Net.Http.HttpConnectionPool.ConnectAsync(HttpRequestMessage request, Boolean async, CancellationToken cancellationToken)
   at System.Net.Http.HttpConnectionPool.CreateHttp11ConnectionAsync(HttpRequestMessage request, Boolean async, CancellationToken cancellationToken)
   at System.Net.Http.HttpConnectionPool.InjectNewHttp11ConnectionAsync(QueueItem queueItem)
   at System.Threading.Tasks.TaskCompletionSourceWithCancellation`1.WaitWithCancellationAsync(CancellationToken cancellationToken)
   at System.Net.Http.HttpConnectionPool.SendWithVersionDetectionAndRetryAsync(HttpRequestMessage request, Boolean async, Boolean doRequestAuth, CancellationToken cancellationToken)
   at System.Net.Http.RedirectHandler.SendAsync(HttpRequestMessage request, Boolean async, CancellationToken cancellationToken)
   at System.Net.Http.HttpClient.&lt;SendAsync&gt;g__Core|83_0(HttpRequestMessage request, HttpCompletionOption completionOption, CancellationTokenSource cts, Boolean disposeCts, CancellationTokenSource pendingRequestsCts, CancellationToken originalCancellationToken)
   at AIEngineTests.Helpers.AIEngineApiClient.VerifyAgeAsync(AgeVerificationRequest request) in /Users/charrcy/projects/WeedGo/microservices/ai-engine-service/tests/WeedGo.AIEngine.Tests/AIEngineTests/AIEngineTests/Helpers/AIEngineApiClient.cs:line 44
   at AIEngineTests.Tests.ParsingTests.VerifyUser(String customerId) in /Users/charrcy/projects/WeedGo/microservices/ai-engine-service/tests/WeedGo.AIEngine.Tests/AIEngineTests/AIEngineTests/Tests/ParsingTests.cs:line 185
   at AIEngineTests.Tests.ParsingTests.Should_Parse_Single_Budget_Values(String budgetPhrase, Decimal expectedMax) in /Users/charrcy/projects/WeedGo/microservices/ai-engine-service/tests/WeedGo.AIEngine.Tests/AIEngineTests/AIEngineTests/Tests/ParsingTests.cs:line 27
--- End of stack trace from previous location ---
----- Inner Stack Trace -----
   at System.Net.Sockets.Socket.AwaitableSocketAsyncEventArgs.ThrowException(SocketError error, CancellationToken cancellationToken)
   at System.Net.Sockets.Socket.AwaitableSocketAsyncEventArgs.System.Threading.Tasks.Sources.IValueTaskSource.GetResult(Int16 token)
   at System.Net.Sockets.Socket.&lt;ConnectAsync&gt;g__WaitForConnectWithCancellation|285_0(AwaitableSocketAsyncEventArgs saea, ValueTask connectTask, CancellationToken cancellationToken)
   at System.Net.Http.HttpConnectionPool.ConnectToTcpHostAsync(String host, Int32 port, HttpRequestMessage initialRequest, Boolean async, CancellationToken cancellationToken)</StackTrace>
        </ErrorInfo>
      </Output>
    </UnitTestResult>
    <UnitTestResult executionId="d89a0bc1-7698-472c-b0a5-64e92b12ebb5" testId="e0ee0577-fb5d-954c-219c-687f3859c95b" testName="AIEngineTests.Tests.AgeVerificationTests.Should_Persist_Verification_Across_Sessions" computerName="Charless-MacBook-Pro" duration="00:00:00.0599279" startTime="2025-08-23T00:26:36.0927740-04:00" endTime="2025-08-23T00:26:36.0927740-04:00" testType="13cdc9d9-ddb5-4fa4-a97d-d965ccfc6d4b" outcome="Failed" testListId="8c84fa94-04c1-424b-9868-57a2d4851a1d" relativeResultsDirectory="d89a0bc1-7698-472c-b0a5-64e92b12ebb5">
      <Output>
        <ErrorInfo>
          <Message>System.Net.Http.HttpRequestException : An error occurred while sending the request.
---- System.IO.IOException : Unable to read data from the transport connection: Connection reset by peer.
-------- System.Net.Sockets.SocketException : Connection reset by peer</Message>
          <StackTrace>   at System.Net.Http.HttpConnection.SendAsync(HttpRequestMessage request, Boolean async, CancellationToken cancellationToken)
   at System.Net.Http.HttpConnectionPool.SendWithVersionDetectionAndRetryAsync(HttpRequestMessage request, Boolean async, Boolean doRequestAuth, CancellationToken cancellationToken)
   at System.Net.Http.RedirectHandler.SendAsync(HttpRequestMessage request, Boolean async, CancellationToken cancellationToken)
   at System.Net.Http.HttpClient.&lt;SendAsync&gt;g__Core|83_0(HttpRequestMessage request, HttpCompletionOption completionOption, CancellationTokenSource cts, Boolean disposeCts, CancellationTokenSource pendingRequestsCts, CancellationToken originalCancellationToken)
   at AIEngineTests.Helpers.AIEngineApiClient.VerifyAgeAsync(AgeVerificationRequest request) in /Users/charrcy/projects/WeedGo/microservices/ai-engine-service/tests/WeedGo.AIEngine.Tests/AIEngineTests/AIEngineTests/Helpers/AIEngineApiClient.cs:line 44
   at AIEngineTests.Tests.AgeVerificationTests.Should_Persist_Verification_Across_Sessions() in /Users/charrcy/projects/WeedGo/microservices/ai-engine-service/tests/WeedGo.AIEngine.Tests/AIEngineTests/AIEngineTests/Tests/AgeVerificationTests.cs:line 88
--- End of stack trace from previous location ---
----- Inner Stack Trace -----
   at System.Net.Sockets.Socket.AwaitableSocketAsyncEventArgs.ThrowException(SocketError error, CancellationToken cancellationToken)
   at System.Net.Sockets.Socket.AwaitableSocketAsyncEventArgs.System.Threading.Tasks.Sources.IValueTaskSource&lt;System.Int32&gt;.GetResult(Int16 token)
   at System.Net.Http.HttpConnection.SendAsync(HttpRequestMessage request, Boolean async, CancellationToken cancellationToken)
----- Inner Stack Trace -----
</StackTrace>
        </ErrorInfo>
      </Output>
    </UnitTestResult>
    <UnitTestResult executionId="4c8b2e0e-909d-4a40-9cc2-5ed9a9aafa82" testId="c7d557b6-a985-9c43-1d1a-0a28f90b79a5" testName="AIEngineTests.Tests.ParsingTests.Should_Parse_Product_Types(productType: &quot;vape&quot;, expectedKeywords: [&quot;vape&quot;, &quot;cartridge&quot;])" computerName="Charless-MacBook-Pro" duration="00:00:00.0008916" startTime="2025-08-23T00:26:36.1193640-04:00" endTime="2025-08-23T00:26:36.1193640-04:00" testType="13cdc9d9-ddb5-4fa4-a97d-d965ccfc6d4b" outcome="Failed" testListId="8c84fa94-04c1-424b-9868-57a2d4851a1d" relativeResultsDirectory="4c8b2e0e-909d-4a40-9cc2-5ed9a9aafa82">
      <Output>
        <ErrorInfo>
          <Message>System.Net.Http.HttpRequestException : Connection refused (localhost:8080)
---- System.Net.Sockets.SocketException : Connection refused</Message>
          <StackTrace>   at System.Net.Http.HttpConnectionPool.ConnectToTcpHostAsync(String host, Int32 port, HttpRequestMessage initialRequest, Boolean async, CancellationToken cancellationToken)
   at System.Net.Http.HttpConnectionPool.ConnectAsync(HttpRequestMessage request, Boolean async, CancellationToken cancellationToken)
   at System.Net.Http.HttpConnectionPool.CreateHttp11ConnectionAsync(HttpRequestMessage request, Boolean async, CancellationToken cancellationToken)
   at System.Net.Http.HttpConnectionPool.InjectNewHttp11ConnectionAsync(QueueItem queueItem)
   at System.Threading.Tasks.TaskCompletionSourceWithCancellation`1.WaitWithCancellationAsync(CancellationToken cancellationToken)
   at System.Net.Http.HttpConnectionPool.SendWithVersionDetectionAndRetryAsync(HttpRequestMessage request, Boolean async, Boolean doRequestAuth, CancellationToken cancellationToken)
   at System.Net.Http.RedirectHandler.SendAsync(HttpRequestMessage request, Boolean async, CancellationToken cancellationToken)
   at System.Net.Http.HttpClient.&lt;SendAsync&gt;g__Core|83_0(HttpRequestMessage request, HttpCompletionOption completionOption, CancellationTokenSource cts, Boolean disposeCts, CancellationTokenSource pendingRequestsCts, CancellationToken originalCancellationToken)
   at AIEngineTests.Helpers.AIEngineApiClient.VerifyAgeAsync(AgeVerificationRequest request) in /Users/charrcy/projects/WeedGo/microservices/ai-engine-service/tests/WeedGo.AIEngine.Tests/AIEngineTests/AIEngineTests/Helpers/AIEngineApiClient.cs:line 44
   at AIEngineTests.Tests.ParsingTests.VerifyUser(String customerId) in /Users/charrcy/projects/WeedGo/microservices/ai-engine-service/tests/WeedGo.AIEngine.Tests/AIEngineTests/AIEngineTests/Tests/ParsingTests.cs:line 185
   at AIEngineTests.Tests.ParsingTests.Should_Parse_Product_Types(String productType, String[] expectedKeywords) in /Users/charrcy/projects/WeedGo/microservices/ai-engine-service/tests/WeedGo.AIEngine.Tests/AIEngineTests/AIEngineTests/Tests/ParsingTests.cs:line 123
--- End of stack trace from previous location ---
----- Inner Stack Trace -----
   at System.Net.Sockets.Socket.AwaitableSocketAsyncEventArgs.ThrowException(SocketError error, CancellationToken cancellationToken)
   at System.Net.Sockets.Socket.AwaitableSocketAsyncEventArgs.System.Threading.Tasks.Sources.IValueTaskSource.GetResult(Int16 token)
   at System.Net.Sockets.Socket.&lt;ConnectAsync&gt;g__WaitForConnectWithCancellation|285_0(AwaitableSocketAsyncEventArgs saea, ValueTask connectTask, CancellationToken cancellationToken)
   at System.Net.Http.HttpConnectionPool.ConnectToTcpHostAsync(String host, Int32 port, HttpRequestMessage initialRequest, Boolean async, CancellationToken cancellationToken)</StackTrace>
        </ErrorInfo>
      </Output>
    </UnitTestResult>
    <UnitTestResult executionId="2b47bcc1-a76b-409a-8cd0-b1eaae6ac875" testId="ec35dc56-e4da-c0dd-60a7-2143dc4fdf6e" testName="AIEngineTests.Tests.ParsingTests.Should_Parse_Complex_Requests" computerName="Charless-MacBook-Pro" duration="00:00:00.0014605" startTime="2025-08-23T00:26:36.1301850-04:00" endTime="2025-08-23T00:26:36.1301850-04:00" testType="13cdc9d9-ddb5-4fa4-a97d-d965ccfc6d4b" outcome="Failed" testListId="8c84fa94-04c1-424b-9868-57a2d4851a1d" relativeResultsDirectory="2b47bcc1-a76b-409a-8cd0-b1eaae6ac875">
      <Output>
        <ErrorInfo>
          <Message>System.Net.Http.HttpRequestException : Connection refused (localhost:8080)
---- System.Net.Sockets.SocketException : Connection refused</Message>
          <StackTrace>   at System.Net.Http.HttpConnectionPool.ConnectToTcpHostAsync(String host, Int32 port, HttpRequestMessage initialRequest, Boolean async, CancellationToken cancellationToken)
   at System.Net.Http.HttpConnectionPool.ConnectAsync(HttpRequestMessage request, Boolean async, CancellationToken cancellationToken)
   at System.Net.Http.HttpConnectionPool.CreateHttp11ConnectionAsync(HttpRequestMessage request, Boolean async, CancellationToken cancellationToken)
   at System.Net.Http.HttpConnectionPool.InjectNewHttp11ConnectionAsync(QueueItem queueItem)
   at System.Threading.Tasks.TaskCompletionSourceWithCancellation`1.WaitWithCancellationAsync(CancellationToken cancellationToken)
   at System.Net.Http.HttpConnectionPool.SendWithVersionDetectionAndRetryAsync(HttpRequestMessage request, Boolean async, Boolean doRequestAuth, CancellationToken cancellationToken)
   at System.Net.Http.RedirectHandler.SendAsync(HttpRequestMessage request, Boolean async, CancellationToken cancellationToken)
   at System.Net.Http.HttpClient.&lt;SendAsync&gt;g__Core|83_0(HttpRequestMessage request, HttpCompletionOption completionOption, CancellationTokenSource cts, Boolean disposeCts, CancellationTokenSource pendingRequestsCts, CancellationToken originalCancellationToken)
   at AIEngineTests.Helpers.AIEngineApiClient.VerifyAgeAsync(AgeVerificationRequest request) in /Users/charrcy/projects/WeedGo/microservices/ai-engine-service/tests/WeedGo.AIEngine.Tests/AIEngineTests/AIEngineTests/Helpers/AIEngineApiClient.cs:line 44
   at AIEngineTests.Tests.ParsingTests.VerifyUser(String customerId) in /Users/charrcy/projects/WeedGo/microservices/ai-engine-service/tests/WeedGo.AIEngine.Tests/AIEngineTests/AIEngineTests/Tests/ParsingTests.cs:line 185
   at AIEngineTests.Tests.ParsingTests.Should_Parse_Complex_Requests() in /Users/charrcy/projects/WeedGo/microservices/ai-engine-service/tests/WeedGo.AIEngine.Tests/AIEngineTests/AIEngineTests/Tests/ParsingTests.cs:line 151
--- End of stack trace from previous location ---
----- Inner Stack Trace -----
   at System.Net.Sockets.Socket.AwaitableSocketAsyncEventArgs.ThrowException(SocketError error, CancellationToken cancellationToken)
   at System.Net.Sockets.Socket.AwaitableSocketAsyncEventArgs.System.Threading.Tasks.Sources.IValueTaskSource.GetResult(Int16 token)
   at System.Net.Sockets.Socket.&lt;ConnectAsync&gt;g__WaitForConnectWithCancellation|285_0(AwaitableSocketAsyncEventArgs saea, ValueTask connectTask, CancellationToken cancellationToken)
   at System.Net.Http.HttpConnectionPool.ConnectToTcpHostAsync(String host, Int32 port, HttpRequestMessage initialRequest, Boolean async, CancellationToken cancellationToken)</StackTrace>
        </ErrorInfo>
      </Output>
    </UnitTestResult>
    <UnitTestResult executionId="48aea6e3-3ca2-457c-9deb-b5e0e5f97cc0" testId="0e3294c4-0a8f-d74e-b61a-ed82e4bfd820" testName="AIEngineTests.Tests.ParsingTests.Should_Parse_Strain_Types(strainPhrase: &quot;indica&quot;, expectedStrain: &quot;indica&quot;)" computerName="Charless-MacBook-Pro" duration="00:00:00.0037924" startTime="2025-08-23T00:26:36.1216290-04:00" endTime="2025-08-23T00:26:36.1216290-04:00" testType="13cdc9d9-ddb5-4fa4-a97d-d965ccfc6d4b" outcome="Failed" testListId="8c84fa94-04c1-424b-9868-57a2d4851a1d" relativeResultsDirectory="48aea6e3-3ca2-457c-9deb-b5e0e5f97cc0">
      <Output>
        <ErrorInfo>
          <Message>System.Net.Http.HttpRequestException : Connection refused (localhost:8080)
---- System.Net.Sockets.SocketException : Connection refused</Message>
          <StackTrace>   at System.Net.Http.HttpConnectionPool.ConnectToTcpHostAsync(String host, Int32 port, HttpRequestMessage initialRequest, Boolean async, CancellationToken cancellationToken)
   at System.Net.Http.HttpConnectionPool.ConnectAsync(HttpRequestMessage request, Boolean async, CancellationToken cancellationToken)
   at System.Net.Http.HttpConnectionPool.CreateHttp11ConnectionAsync(HttpRequestMessage request, Boolean async, CancellationToken cancellationToken)
   at System.Net.Http.HttpConnectionPool.InjectNewHttp11ConnectionAsync(QueueItem queueItem)
   at System.Threading.Tasks.TaskCompletionSourceWithCancellation`1.WaitWithCancellationAsync(CancellationToken cancellationToken)
   at System.Net.Http.HttpConnectionPool.SendWithVersionDetectionAndRetryAsync(HttpRequestMessage request, Boolean async, Boolean doRequestAuth, CancellationToken cancellationToken)
   at System.Net.Http.RedirectHandler.SendAsync(HttpRequestMessage request, Boolean async, CancellationToken cancellationToken)
   at System.Net.Http.HttpClient.&lt;SendAsync&gt;g__Core|83_0(HttpRequestMessage request, HttpCompletionOption completionOption, CancellationTokenSource cts, Boolean disposeCts, CancellationTokenSource pendingRequestsCts, CancellationToken originalCancellationToken)
   at AIEngineTests.Helpers.AIEngineApiClient.VerifyAgeAsync(AgeVerificationRequest request) in /Users/charrcy/projects/WeedGo/microservices/ai-engine-service/tests/WeedGo.AIEngine.Tests/AIEngineTests/AIEngineTests/Helpers/AIEngineApiClient.cs:line 44
   at AIEngineTests.Tests.ParsingTests.VerifyUser(String customerId) in /Users/charrcy/projects/WeedGo/microservices/ai-engine-service/tests/WeedGo.AIEngine.Tests/AIEngineTests/AIEngineTests/Tests/ParsingTests.cs:line 185
   at AIEngineTests.Tests.ParsingTests.Should_Parse_Strain_Types(String strainPhrase, String expectedStrain) in /Users/charrcy/projects/WeedGo/microservices/ai-engine-service/tests/WeedGo.AIEngine.Tests/AIEngineTests/AIEngineTests/Tests/ParsingTests.cs:line 90
--- End of stack trace from previous location ---
----- Inner Stack Trace -----
   at System.Net.Sockets.Socket.AwaitableSocketAsyncEventArgs.ThrowException(SocketError error, CancellationToken cancellationToken)
   at System.Net.Sockets.Socket.AwaitableSocketAsyncEventArgs.System.Threading.Tasks.Sources.IValueTaskSource.GetResult(Int16 token)
   at System.Net.Sockets.Socket.&lt;ConnectAsync&gt;g__WaitForConnectWithCancellation|285_0(AwaitableSocketAsyncEventArgs saea, ValueTask connectTask, CancellationToken cancellationToken)
   at System.Net.Http.HttpConnectionPool.ConnectToTcpHostAsync(String host, Int32 port, HttpRequestMessage initialRequest, Boolean async, CancellationToken cancellationToken)</StackTrace>
        </ErrorInfo>
      </Output>
    </UnitTestResult>
    <UnitTestResult executionId="8bc000a8-eb24-4f00-b3af-65cedfd40496" testId="230b279f-ef2b-bb19-1a0b-df465df1cfbe" testName="AIEngineTests.Tests.ParsingTests.Should_Parse_Single_Budget_Values(budgetPhrase: &quot;under 10$&quot;, expectedMax: 10)" computerName="Charless-MacBook-Pro" duration="00:00:00.0010610" startTime="2025-08-23T00:26:36.1246710-04:00" endTime="2025-08-23T00:26:36.1246710-04:00" testType="13cdc9d9-ddb5-4fa4-a97d-d965ccfc6d4b" outcome="Failed" testListId="8c84fa94-04c1-424b-9868-57a2d4851a1d" relativeResultsDirectory="8bc000a8-eb24-4f00-b3af-65cedfd40496">
      <Output>
        <ErrorInfo>
          <Message>System.Net.Http.HttpRequestException : Connection refused (localhost:8080)
---- System.Net.Sockets.SocketException : Connection refused</Message>
          <StackTrace>   at System.Net.Http.HttpConnectionPool.ConnectToTcpHostAsync(String host, Int32 port, HttpRequestMessage initialRequest, Boolean async, CancellationToken cancellationToken)
   at System.Net.Http.HttpConnectionPool.ConnectAsync(HttpRequestMessage request, Boolean async, CancellationToken cancellationToken)
   at System.Net.Http.HttpConnectionPool.CreateHttp11ConnectionAsync(HttpRequestMessage request, Boolean async, CancellationToken cancellationToken)
   at System.Net.Http.HttpConnectionPool.InjectNewHttp11ConnectionAsync(QueueItem queueItem)
   at System.Threading.Tasks.TaskCompletionSourceWithCancellation`1.WaitWithCancellationAsync(CancellationToken cancellationToken)
   at System.Net.Http.HttpConnectionPool.SendWithVersionDetectionAndRetryAsync(HttpRequestMessage request, Boolean async, Boolean doRequestAuth, CancellationToken cancellationToken)
   at System.Net.Http.RedirectHandler.SendAsync(HttpRequestMessage request, Boolean async, CancellationToken cancellationToken)
   at System.Net.Http.HttpClient.&lt;SendAsync&gt;g__Core|83_0(HttpRequestMessage request, HttpCompletionOption completionOption, CancellationTokenSource cts, Boolean disposeCts, CancellationTokenSource pendingRequestsCts, CancellationToken originalCancellationToken)
   at AIEngineTests.Helpers.AIEngineApiClient.VerifyAgeAsync(AgeVerificationRequest request) in /Users/charrcy/projects/WeedGo/microservices/ai-engine-service/tests/WeedGo.AIEngine.Tests/AIEngineTests/AIEngineTests/Helpers/AIEngineApiClient.cs:line 44
   at AIEngineTests.Tests.ParsingTests.VerifyUser(String customerId) in /Users/charrcy/projects/WeedGo/microservices/ai-engine-service/tests/WeedGo.AIEngine.Tests/AIEngineTests/AIEngineTests/Tests/ParsingTests.cs:line 185
   at AIEngineTests.Tests.ParsingTests.Should_Parse_Single_Budget_Values(String budgetPhrase, Decimal expectedMax) in /Users/charrcy/projects/WeedGo/microservices/ai-engine-service/tests/WeedGo.AIEngine.Tests/AIEngineTests/AIEngineTests/Tests/ParsingTests.cs:line 27
--- End of stack trace from previous location ---
----- Inner Stack Trace -----
   at System.Net.Sockets.Socket.AwaitableSocketAsyncEventArgs.ThrowException(SocketError error, CancellationToken cancellationToken)
   at System.Net.Sockets.Socket.AwaitableSocketAsyncEventArgs.System.Threading.Tasks.Sources.IValueTaskSource.GetResult(Int16 token)
   at System.Net.Sockets.Socket.&lt;ConnectAsync&gt;g__WaitForConnectWithCancellation|285_0(AwaitableSocketAsyncEventArgs saea, ValueTask connectTask, CancellationToken cancellationToken)
   at System.Net.Http.HttpConnectionPool.ConnectToTcpHostAsync(String host, Int32 port, HttpRequestMessage initialRequest, Boolean async, CancellationToken cancellationToken)</StackTrace>
        </ErrorInfo>
      </Output>
    </UnitTestResult>
    <UnitTestResult executionId="76db176e-b3fd-46ba-881d-83341d8c7477" testId="0f974b0a-4e4d-42d1-1840-cbc9cae62e79" testName="AIEngineTests.Tests.AgeVerificationTests.Should_Require_Age_Verification_For_New_Users" computerName="Charless-MacBook-Pro" duration="00:00:00.0258395" startTime="2025-08-23T00:26:36.0253110-04:00" endTime="2025-08-23T00:26:36.0253190-04:00" testType="13cdc9d9-ddb5-4fa4-a97d-d965ccfc6d4b" outcome="Passed" testListId="8c84fa94-04c1-424b-9868-57a2d4851a1d" relativeResultsDirectory="76db176e-b3fd-46ba-881d-83341d8c7477" />
    <UnitTestResult executionId="845e2247-8628-4cf4-9b88-355c4a4c904a" testId="f57f5ea6-e7a4-e3cf-8978-3f986c7175b7" testName="AIEngineTests.Tests.ParsingTests.Should_Parse_Budget_Ranges(budgetPhrase: &quot;$25 - $50&quot;, expectedMin: 25, expectedMax: 50)" computerName="Charless-MacBook-Pro" duration="00:00:00.0876098" startTime="2025-08-23T00:26:36.0937710-04:00" endTime="2025-08-23T00:26:36.0937710-04:00" testType="13cdc9d9-ddb5-4fa4-a97d-d965ccfc6d4b" outcome="Failed" testListId="8c84fa94-04c1-424b-9868-57a2d4851a1d" relativeResultsDirectory="845e2247-8628-4cf4-9b88-355c4a4c904a">
      <Output>
        <ErrorInfo>
          <Message>System.Net.Http.HttpRequestException : An error occurred while sending the request.
---- System.Net.Http.HttpIOException : The response ended prematurely. (ResponseEnded)</Message>
          <StackTrace>   at System.Net.Http.HttpConnection.SendAsync(HttpRequestMessage request, Boolean async, CancellationToken cancellationToken)
   at System.Net.Http.HttpConnectionPool.SendWithVersionDetectionAndRetryAsync(HttpRequestMessage request, Boolean async, Boolean doRequestAuth, CancellationToken cancellationToken)
   at System.Net.Http.RedirectHandler.SendAsync(HttpRequestMessage request, Boolean async, CancellationToken cancellationToken)
   at System.Net.Http.HttpClient.&lt;SendAsync&gt;g__Core|83_0(HttpRequestMessage request, HttpCompletionOption completionOption, CancellationTokenSource cts, Boolean disposeCts, CancellationTokenSource pendingRequestsCts, CancellationToken originalCancellationToken)
   at AIEngineTests.Helpers.AIEngineApiClient.SendChatMessageAsync(ChatRequest request) in /Users/charrcy/projects/WeedGo/microservices/ai-engine-service/tests/WeedGo.AIEngine.Tests/AIEngineTests/AIEngineTests/Helpers/AIEngineApiClient.cs:line 27
   at AIEngineTests.Tests.ParsingTests.Should_Parse_Budget_Ranges(String budgetPhrase, Decimal expectedMin, Decimal expectedMax) in /Users/charrcy/projects/WeedGo/microservices/ai-engine-service/tests/WeedGo.AIEngine.Tests/AIEngineTests/AIEngineTests/Tests/ParsingTests.cs:line 67
--- End of stack trace from previous location ---
----- Inner Stack Trace -----
   at System.Net.Http.HttpConnection.SendAsync(HttpRequestMessage request, Boolean async, CancellationToken cancellationToken)</StackTrace>
        </ErrorInfo>
      </Output>
    </UnitTestResult>
    <UnitTestResult executionId="379b82a3-6b9f-4dfc-9b54-0b526eb22c5d" testId="dfbbb2f2-3087-b1d1-1bab-29b67ee52b0f" testName="AIEngineTests.Tests.ParsingTests.Should_Parse_Strain_Types(strainPhrase: &quot;hybrid&quot;, expectedStrain: &quot;hybrid&quot;)" computerName="Charless-MacBook-Pro" duration="00:00:00.0011126" startTime="2025-08-23T00:26:36.1220040-04:00" endTime="2025-08-23T00:26:36.1220040-04:00" testType="13cdc9d9-ddb5-4fa4-a97d-d965ccfc6d4b" outcome="Failed" testListId="8c84fa94-04c1-424b-9868-57a2d4851a1d" relativeResultsDirectory="379b82a3-6b9f-4dfc-9b54-0b526eb22c5d">
      <Output>
        <ErrorInfo>
          <Message>System.Net.Http.HttpRequestException : Connection refused (localhost:8080)
---- System.Net.Sockets.SocketException : Connection refused</Message>
          <StackTrace>   at System.Net.Http.HttpConnectionPool.ConnectToTcpHostAsync(String host, Int32 port, HttpRequestMessage initialRequest, Boolean async, CancellationToken cancellationToken)
   at System.Net.Http.HttpConnectionPool.ConnectAsync(HttpRequestMessage request, Boolean async, CancellationToken cancellationToken)
   at System.Net.Http.HttpConnectionPool.CreateHttp11ConnectionAsync(HttpRequestMessage request, Boolean async, CancellationToken cancellationToken)
   at System.Net.Http.HttpConnectionPool.InjectNewHttp11ConnectionAsync(QueueItem queueItem)
   at System.Threading.Tasks.TaskCompletionSourceWithCancellation`1.WaitWithCancellationAsync(CancellationToken cancellationToken)
   at System.Net.Http.HttpConnectionPool.SendWithVersionDetectionAndRetryAsync(HttpRequestMessage request, Boolean async, Boolean doRequestAuth, CancellationToken cancellationToken)
   at System.Net.Http.RedirectHandler.SendAsync(HttpRequestMessage request, Boolean async, CancellationToken cancellationToken)
   at System.Net.Http.HttpClient.&lt;SendAsync&gt;g__Core|83_0(HttpRequestMessage request, HttpCompletionOption completionOption, CancellationTokenSource cts, Boolean disposeCts, CancellationTokenSource pendingRequestsCts, CancellationToken originalCancellationToken)
   at AIEngineTests.Helpers.AIEngineApiClient.VerifyAgeAsync(AgeVerificationRequest request) in /Users/charrcy/projects/WeedGo/microservices/ai-engine-service/tests/WeedGo.AIEngine.Tests/AIEngineTests/AIEngineTests/Helpers/AIEngineApiClient.cs:line 44
   at AIEngineTests.Tests.ParsingTests.VerifyUser(String customerId) in /Users/charrcy/projects/WeedGo/microservices/ai-engine-service/tests/WeedGo.AIEngine.Tests/AIEngineTests/AIEngineTests/Tests/ParsingTests.cs:line 185
   at AIEngineTests.Tests.ParsingTests.Should_Parse_Strain_Types(String strainPhrase, String expectedStrain) in /Users/charrcy/projects/WeedGo/microservices/ai-engine-service/tests/WeedGo.AIEngine.Tests/AIEngineTests/AIEngineTests/Tests/ParsingTests.cs:line 90
--- End of stack trace from previous location ---
----- Inner Stack Trace -----
   at System.Net.Sockets.Socket.AwaitableSocketAsyncEventArgs.ThrowException(SocketError error, CancellationToken cancellationToken)
   at System.Net.Sockets.Socket.AwaitableSocketAsyncEventArgs.System.Threading.Tasks.Sources.IValueTaskSource.GetResult(Int16 token)
   at System.Net.Sockets.Socket.&lt;ConnectAsync&gt;g__WaitForConnectWithCancellation|285_0(AwaitableSocketAsyncEventArgs saea, ValueTask connectTask, CancellationToken cancellationToken)
   at System.Net.Http.HttpConnectionPool.ConnectToTcpHostAsync(String host, Int32 port, HttpRequestMessage initialRequest, Boolean async, CancellationToken cancellationToken)</StackTrace>
        </ErrorInfo>
      </Output>
    </UnitTestResult>
    <UnitTestResult executionId="4df1fd62-27ee-4d9a-9f8d-0c41f137dd42" testId="2db870ad-84a8-c6e3-ffb6-883df852984f" testName="AIEngineTests.Tests.DirectProductRequestTests.Should_Recognize_Joint_As_Flower_Product" computerName="Charless-MacBook-Pro" duration="00:00:00.0876514" startTime="2025-08-23T00:26:36.0934860-04:00" endTime="2025-08-23T00:26:36.0934860-04:00" testType="13cdc9d9-ddb5-4fa4-a97d-d965ccfc6d4b" outcome="Failed" testListId="8c84fa94-04c1-424b-9868-57a2d4851a1d" relativeResultsDirectory="4df1fd62-27ee-4d9a-9f8d-0c41f137dd42">
      <Output>
        <ErrorInfo>
          <Message>System.Net.Http.HttpRequestException : An error occurred while sending the request.
---- System.Net.Http.HttpIOException : The response ended prematurely. (ResponseEnded)</Message>
          <StackTrace>   at System.Net.Http.HttpConnection.SendAsync(HttpRequestMessage request, Boolean async, CancellationToken cancellationToken)
   at System.Net.Http.HttpConnectionPool.SendWithVersionDetectionAndRetryAsync(HttpRequestMessage request, Boolean async, Boolean doRequestAuth, CancellationToken cancellationToken)
   at System.Net.Http.RedirectHandler.SendAsync(HttpRequestMessage request, Boolean async, CancellationToken cancellationToken)
   at System.Net.Http.HttpClient.&lt;SendAsync&gt;g__Core|83_0(HttpRequestMessage request, HttpCompletionOption completionOption, CancellationTokenSource cts, Boolean disposeCts, CancellationTokenSource pendingRequestsCts, CancellationToken originalCancellationToken)
   at AIEngineTests.Helpers.AIEngineApiClient.SendChatMessageAsync(ChatRequest request) in /Users/charrcy/projects/WeedGo/microservices/ai-engine-service/tests/WeedGo.AIEngine.Tests/AIEngineTests/AIEngineTests/Helpers/AIEngineApiClient.cs:line 27
   at AIEngineTests.Tests.DirectProductRequestTests.Should_Recognize_Joint_As_Flower_Product() in /Users/charrcy/projects/WeedGo/microservices/ai-engine-service/tests/WeedGo.AIEngine.Tests/AIEngineTests/AIEngineTests/Tests/DirectProductRequestTests.cs:line 85
--- End of stack trace from previous location ---
----- Inner Stack Trace -----
   at System.Net.Http.HttpConnection.SendAsync(HttpRequestMessage request, Boolean async, CancellationToken cancellationToken)</StackTrace>
        </ErrorInfo>
      </Output>
    </UnitTestResult>
    <UnitTestResult executionId="32106822-b376-4889-926a-3c06edf27b73" testId="53a62b94-734e-173e-1f80-e3041fa7f7ad" testName="AIEngineTests.Tests.ParsingTests.Should_Parse_Budget_Ranges(budgetPhrase: &quot;20-40 dollars&quot;, expectedMin: 20, expectedMax: 40)" computerName="Charless-MacBook-Pro" duration="00:00:00.0011639" startTime="2025-08-23T00:26:36.1146230-04:00" endTime="2025-08-23T00:26:36.1146230-04:00" testType="13cdc9d9-ddb5-4fa4-a97d-d965ccfc6d4b" outcome="Failed" testListId="8c84fa94-04c1-424b-9868-57a2d4851a1d" relativeResultsDirectory="32106822-b376-4889-926a-3c06edf27b73">
      <Output>
        <ErrorInfo>
          <Message>System.Net.Http.HttpRequestException : Connection refused (localhost:8080)
---- System.Net.Sockets.SocketException : Connection refused</Message>
          <StackTrace>   at System.Net.Http.HttpConnectionPool.ConnectToTcpHostAsync(String host, Int32 port, HttpRequestMessage initialRequest, Boolean async, CancellationToken cancellationToken)
   at System.Net.Http.HttpConnectionPool.ConnectAsync(HttpRequestMessage request, Boolean async, CancellationToken cancellationToken)
   at System.Net.Http.HttpConnectionPool.CreateHttp11ConnectionAsync(HttpRequestMessage request, Boolean async, CancellationToken cancellationToken)
   at System.Net.Http.HttpConnectionPool.InjectNewHttp11ConnectionAsync(QueueItem queueItem)
   at System.Threading.Tasks.TaskCompletionSourceWithCancellation`1.WaitWithCancellationAsync(CancellationToken cancellationToken)
   at System.Net.Http.HttpConnectionPool.SendWithVersionDetectionAndRetryAsync(HttpRequestMessage request, Boolean async, Boolean doRequestAuth, CancellationToken cancellationToken)
   at System.Net.Http.RedirectHandler.SendAsync(HttpRequestMessage request, Boolean async, CancellationToken cancellationToken)
   at System.Net.Http.HttpClient.&lt;SendAsync&gt;g__Core|83_0(HttpRequestMessage request, HttpCompletionOption completionOption, CancellationTokenSource cts, Boolean disposeCts, CancellationTokenSource pendingRequestsCts, CancellationToken originalCancellationToken)
   at AIEngineTests.Helpers.AIEngineApiClient.VerifyAgeAsync(AgeVerificationRequest request) in /Users/charrcy/projects/WeedGo/microservices/ai-engine-service/tests/WeedGo.AIEngine.Tests/AIEngineTests/AIEngineTests/Helpers/AIEngineApiClient.cs:line 44
   at AIEngineTests.Tests.ParsingTests.VerifyUser(String customerId) in /Users/charrcy/projects/WeedGo/microservices/ai-engine-service/tests/WeedGo.AIEngine.Tests/AIEngineTests/AIEngineTests/Tests/ParsingTests.cs:line 185
   at AIEngineTests.Tests.ParsingTests.Should_Parse_Budget_Ranges(String budgetPhrase, Decimal expectedMin, Decimal expectedMax) in /Users/charrcy/projects/WeedGo/microservices/ai-engine-service/tests/WeedGo.AIEngine.Tests/AIEngineTests/AIEngineTests/Tests/ParsingTests.cs:line 57
--- End of stack trace from previous location ---
----- Inner Stack Trace -----
   at System.Net.Sockets.Socket.AwaitableSocketAsyncEventArgs.ThrowException(SocketError error, CancellationToken cancellationToken)
   at System.Net.Sockets.Socket.AwaitableSocketAsyncEventArgs.System.Threading.Tasks.Sources.IValueTaskSource.GetResult(Int16 token)
   at System.Net.Sockets.Socket.&lt;ConnectAsync&gt;g__WaitForConnectWithCancellation|285_0(AwaitableSocketAsyncEventArgs saea, ValueTask connectTask, CancellationToken cancellationToken)
   at System.Net.Http.HttpConnectionPool.ConnectToTcpHostAsync(String host, Int32 port, HttpRequestMessage initialRequest, Boolean async, CancellationToken cancellationToken)</StackTrace>
        </ErrorInfo>
      </Output>
    </UnitTestResult>
    <UnitTestResult executionId="2b88bfc1-ec3c-40e7-8d9b-5702a52ce544" testId="be889632-9ff5-f5d0-54d8-bcdb85d11a72" testName="AIEngineTests.Tests.DirectProductRequestTests.Should_Parse_Budget_Under_Pattern" computerName="Charless-MacBook-Pro" duration="00:00:00.0014126" startTime="2025-08-23T00:26:36.1113850-04:00" endTime="2025-08-23T00:26:36.1113850-04:00" testType="13cdc9d9-ddb5-4fa4-a97d-d965ccfc6d4b" outcome="Failed" testListId="8c84fa94-04c1-424b-9868-57a2d4851a1d" relativeResultsDirectory="2b88bfc1-ec3c-40e7-8d9b-5702a52ce544">
      <Output>
        <ErrorInfo>
          <Message>System.Net.Http.HttpRequestException : Connection refused (localhost:8080)
---- System.Net.Sockets.SocketException : Connection refused</Message>
          <StackTrace>   at System.Net.Http.HttpConnectionPool.ConnectToTcpHostAsync(String host, Int32 port, HttpRequestMessage initialRequest, Boolean async, CancellationToken cancellationToken)
   at System.Net.Http.HttpConnectionPool.ConnectAsync(HttpRequestMessage request, Boolean async, CancellationToken cancellationToken)
   at System.Net.Http.HttpConnectionPool.CreateHttp11ConnectionAsync(HttpRequestMessage request, Boolean async, CancellationToken cancellationToken)
[...]
[xUnit.net 00:00:00.22]       System.Net.Http.HttpRequestException : Connection refused (localhost:8080)
[xUnit.net 00:00:00.22]       ---- System.Net.Sockets.SocketException : Connection refused
[xUnit.net 00:00:00.22]       Stack Trace:
[xUnit.net 00:00:00.22]            at System.Net.Http.HttpConnectionPool.ConnectToTcpHostAsync(String host, Int32 port, HttpRequestMessage initialRequest, Boolean async, CancellationToken cancellationToken)
[xUnit.net 00:00:00.22]            at System.Net.Http.HttpConnectionPool.ConnectAsync(HttpRequestMessage request, Boolean async, CancellationToken cancellationToken)
[xUnit.net 00:00:00.22]            at System.Net.Http.HttpConnectionPool.CreateHttp11ConnectionAsync(HttpRequestMessage request, Boolean async, CancellationToken cancellationToken)
[xUnit.net 00:00:00.22]            at System.Net.Http.HttpConnectionPool.InjectNewHttp11ConnectionAsync(QueueItem queueItem)
[xUnit.net 00:00:00.22]            at System.Threading.Tasks.TaskCompletionSourceWithCancellation`1.WaitWithCancellationAsync(CancellationToken cancellationToken)
[xUnit.net 00:00:00.22]            at System.Net.Http.HttpConnectionPool.SendWithVersionDetectionAndRetryAsync(HttpRequestMessage request, Boolean async, Boolean doRequestAuth, CancellationToken cancellationToken)
[xUnit.net 00:00:00.22]            at System.Net.Http.RedirectHandler.SendAsync(HttpRequestMessage request, Boolean async, CancellationToken cancellationToken)
[xUnit.net 00:00:00.22]            at System.Net.Http.HttpClient.&lt;SendAsync&gt;g__Core|83_0(HttpRequestMessage request, HttpCompletionOption completionOption, CancellationTokenSource cts, Boolean disposeCts, CancellationTokenSource pendingRequestsCts, CancellationToken originalCancellationToken)
[xUnit.net 00:00:00.22]         /Users/charrcy/projects/WeedGo/microservices/ai-engine-service/tests/WeedGo.AIEngine.Tests/AIEngineTests/AIEngineTests/Helpers/AIEngineApiClient.cs(44,0): at AIEngineTests.Helpers.AIEngineApiClient.VerifyAgeAsync(AgeVerificationRequest request)
[xUnit.net 00:00:00.22]         /Users/charrcy/projects/WeedGo/microservices/ai-engine-service/tests/WeedGo.AIEngine.Tests/AIEngineTests/AIEngineTests/Tests/ParsingTests.cs(185,0): at AIEngineTests.Tests.ParsingTests.VerifyUser(String customerId)
[xUnit.net 00:00:00.22]         /Users/charrcy/projects/WeedGo/microservices/ai-engine-service/tests/WeedGo.AIEngine.Tests/AIEngineTests/AIEngineTests/Tests/ParsingTests.cs(27,0): at AIEngineTests.Tests.ParsingTests.Should_Parse_Single_Budget_Values(String budgetPhrase, Decimal expectedMax)
[xUnit.net 00:00:00.22]         --- End of stack trace from previous location ---
[xUnit.net 00:00:00.22]         ----- Inner Stack Trace -----
[xUnit.net 00:00:00.22]            at System.Net.Sockets.Socket.AwaitableSocketAsyncEventArgs.ThrowException(SocketError error, CancellationToken cancellationToken)
[xUnit.net 00:00:00.22]            at System.Net.Sockets.Socket.AwaitableSocketAsyncEventArgs.System.Threading.Tasks.Sources.IValueTaskSource.GetResult(Int16 token)
[xUnit.net 00:00:00.22]            at System.Net.Sockets.Socket.&lt;ConnectAsync&gt;g__WaitForConnectWithCancellation|285_0(AwaitableSocketAsyncEventArgs saea, ValueTask connectTask, CancellationToken cancellationToken)
[xUnit.net 00:00:00.22]            at System.Net.Http.HttpConnectionPool.ConnectToTcpHostAsync(String host, Int32 port, HttpRequestMessage initialRequest, Boolean async, CancellationToken cancellationToken)
[xUnit.net 00:00:00.22]       System.Net.Http.HttpRequestException : Connection refused (localhost:8080)
[xUnit.net 00:00:00.22]       ---- System.Net.Sockets.SocketException : Connection refused
[xUnit.net 00:00:00.22]       Stack Trace:
[xUnit.net 00:00:00.22]            at System.Net.Http.HttpConnectionPool.ConnectToTcpHostAsync(String host, Int32 port, HttpRequestMessage initialRequest, Boolean async, CancellationToken cancellationToken)
[xUnit.net 00:00:00.22]            at System.Net.Http.HttpConnectionPool.ConnectAsync(HttpRequestMessage request, Boolean async, CancellationToken cancellationToken)
[xUnit.net 00:00:00.22]            at System.Net.Http.HttpConnectionPool.CreateHttp11ConnectionAsync(HttpRequestMessage request, Boolean async, CancellationToken cancellationToken)
[xUnit.net 00:00:00.22]            at System.Net.Http.HttpConnectionPool.InjectNewHttp11ConnectionAsync(QueueItem queueItem)
[xUnit.net 00:00:00.22]            at System.Threading.Tasks.TaskCompletionSourceWithCancellation`1.WaitWithCancellationAsync(CancellationToken cancellationToken)
[xUnit.net 00:00:00.22]            at System.Net.Http.HttpConnectionPool.SendWithVersionDetectionAndRetryAsync(HttpRequestMessage request, Boolean async, Boolean doRequestAuth, CancellationToken cancellationToken)
[xUnit.net 00:00:00.22]            at System.Net.Http.RedirectHandler.SendAsync(HttpRequestMessage request, Boolean async, CancellationToken cancellationToken)
[xUnit.net 00:00:00.22]            at System.Net.Http.HttpClient.&lt;SendAsync&gt;g__Core|83_0(HttpRequestMessage request, HttpCompletionOption completionOption, CancellationTokenSource cts, Boolean disposeCts, CancellationTokenSource pendingRequestsCts, CancellationToken originalCancellationToken)
[xUnit.net 00:00:00.22]         /Users/charrcy/projects/WeedGo/microservices/ai-engine-service/tests/WeedGo.AIEngine.Tests/AIEngineTests/AIEngineTests/Helpers/AIEngineApiClient.cs(44,0): at AIEngineTests.Helpers.AIEngineApiClient.VerifyAgeAsync(AgeVerificationRequest request)
[xUnit.net 00:00:00.22]         /Users/charrcy/projects/WeedGo/microservices/ai-engine-service/tests/WeedGo.AIEngine.Tests/AIEngineTests/AIEngineTests/Tests/ParsingTests.cs(185,0): at AIEngineTests.Tests.ParsingTests.VerifyUser(String customerId)
[xUnit.net 00:00:00.22]         /Users/charrcy/projects/WeedGo/microservices/ai-engine-service/tests/WeedGo.AIEngine.Tests/AIEngineTests/AIEngineTests/Tests/ParsingTests.cs(27,0): at AIEngineTests.Tests.ParsingTests.Should_Parse_Single_Budget_Values(String budgetPhrase, Decimal expectedMax)
[xUnit.net 00:00:00.22]         --- End of stack trace from previous location ---
[xUnit.net 00:00:00.22]         ----- Inner Stack Trace -----
[xUnit.net 00:00:00.22]            at System.Net.Sockets.Socket.AwaitableSocketAsyncEventArgs.ThrowException(SocketError error, CancellationToken cancellationToken)
[xUnit.net 00:00:00.22]            at System.Net.Sockets.Socket.AwaitableSocketAsyncEventArgs.System.Threading.Tasks.Sources.IValueTaskSource.GetResult(Int16 token)
[xUnit.net 00:00:00.22]            at System.Net.Sockets.Socket.&lt;ConnectAsync&gt;g__WaitForConnectWithCancellation|285_0(AwaitableSocketAsyncEventArgs saea, ValueTask connectTask, CancellationToken cancellationToken)
[xUnit.net 00:00:00.22]            at System.Net.Http.HttpConnectionPool.ConnectToTcpHostAsync(String host, Int32 port, HttpRequestMessage initialRequest, Boolean async, CancellationToken cancellationToken)
[xUnit.net 00:00:00.23]       System.Net.Http.HttpRequestException : Connection refused (localhost:8080)
[xUnit.net 00:00:00.23]       ---- System.Net.Sockets.SocketException : Connection refused
[xUnit.net 00:00:00.23]       Stack Trace:
[xUnit.net 00:00:00.23]            at System.Net.Http.HttpConnectionPool.ConnectToTcpHostAsync(String host, Int32 port, HttpRequestMessage initialRequest, Boolean async, CancellationToken cancellationToken)
[xUnit.net 00:00:00.23]            at System.Net.Http.HttpConnectionPool.ConnectAsync(HttpRequestMessage request, Boolean async, CancellationToken cancellationToken)
[xUnit.net 00:00:00.23]            at System.Net.Http.HttpConnectionPool.CreateHttp11ConnectionAsync(HttpRequestMessage request, Boolean async, CancellationToken cancellationToken)
[xUnit.net 00:00:00.23]            at System.Net.Http.HttpConnectionPool.InjectNewHttp11ConnectionAsync(QueueItem queueItem)
[xUnit.net 00:00:00.23]            at System.Threading.Tasks.TaskCompletionSourceWithCancellation`1.WaitWithCancellationAsync(CancellationToken cancellationToken)
[xUnit.net 00:00:00.23]            at System.Net.Http.HttpConnectionPool.SendWithVersionDetectionAndRetryAsync(HttpRequestMessage request, Boolean async, Boolean doRequestAuth, CancellationToken cancellationToken)
[xUnit.net 00:00:00.23]            at System.Net.Http.RedirectHandler.SendAsync(HttpRequestMessage request, Boolean async, CancellationToken cancellationToken)
[xUnit.net 00:00:00.23]            at System.Net.Http.HttpClient.&lt;SendAsync&gt;g__Core|83_0(HttpRequestMessage request, HttpCompletionOption completionOption, CancellationTokenSource cts, Boolean disposeCts, CancellationTokenSource pendingRequestsCts, CancellationToken originalCancellationToken)
[xUnit.net 00:00:00.23]         /Users/charrcy/projects/WeedGo/microservices/ai-engine-service/tests/WeedGo.AIEngine.Tests/AIEngineTests/AIEngineTests/Helpers/AIEngineApiClient.cs(44,0): at AIEngineTests.Helpers.AIEngineApiClient.VerifyAgeAsync(AgeVerificationRequest request)
[xUnit.net 00:00:00.23]         /Users/charrcy/projects/WeedGo/microservices/ai-engine-service/tests/WeedGo.AIEngine.Tests/AIEngineTests/AIEngineTests/Tests/ParsingTests.cs(185,0): at AIEngineTests.Tests.ParsingTests.VerifyUser(String customerId)
[xUnit.net 00:00:00.23]         /Users/charrcy/projects/WeedGo/microservices/ai-engine-service/tests/WeedGo.AIEngine.Tests/AIEngineTests/AIEngineTests/Tests/ParsingTests.cs(151,0): at AIEngineTests.Tests.ParsingTests.Should_Parse_Complex_Requests()
[xUnit.net 00:00:00.23]         --- End of stack trace from previous location ---
[xUnit.net 00:00:00.23]         ----- Inner Stack Trace -----
[xUnit.net 00:00:00.23]            at System.Net.Sockets.Socket.AwaitableSocketAsyncEventArgs.ThrowException(SocketError error, CancellationToken cancellationToken)
[xUnit.net 00:00:00.23]            at System.Net.Sockets.Socket.AwaitableSocketAsyncEventArgs.System.Threading.Tasks.Sources.IValueTaskSource.GetResult(Int16 token)
[xUnit.net 00:00:00.23]            at System.Net.Sockets.Socket.&lt;ConnectAsync&gt;g__WaitForConnectWithCancellation|285_0(AwaitableSocketAsyncEventArgs saea, ValueTask connectTask, CancellationToken cancellationToken)
[xUnit.net 00:00:00.23]            at System.Net.Http.HttpConnectionPool.ConnectToTcpHostAsync(String host, Int32 port, HttpRequestMessage initialRequest, Boolean async, CancellationToken cancellationToken)
[xUnit.net 00:00:00.23]   Finished:    AIEngineTests
</StdOut>
    </Output>
    <RunInfos>
      <RunInfo computerName="Charless-MacBook-Pro" outcome="Error" timestamp="2025-08-23T00:26:36.0924140-04:00">
        <Text>[xUnit.net 00:00:00.19]     AIEngineTests.Tests.AgeVerificationTests.Should_Persist_Verification_Across_Sessions [FAIL]</Text>
      </RunInfo>
      <RunInfo computerName="Charless-MacBook-Pro" outcome="Error" timestamp="2025-08-23T00:26:36.0930140-04:00">
        <Text>[xUnit.net 00:00:00.19]     AIEngineTests.Tests.ConversationFlowTests.Should_Not_Get_Stuck_In_Qualification_Loop [FAIL]</Text>
      </RunInfo>
      <RunInfo computerName="Charless-MacBook-Pro" outcome="Error" timestamp="2025-08-23T00:26:36.0933720-04:00">
        <Text>[xUnit.net 00:00:00.19]     AIEngineTests.Tests.DirectProductRequestTests.Should_Recognize_Joint_As_Flower_Product [FAIL]</Text>
      </RunInfo>
      <RunInfo computerName="Charless-MacBook-Pro" outcome="Error" timestamp="2025-08-23T00:26:36.0937440-04:00">
        <Text>[xUnit.net 00:00:00.19]     AIEngineTests.Tests.ParsingTests.Should_Parse_Budget_Ranges(budgetPhrase: "$25 - $50", expectedMin: 25, expectedMax: 50) [FAIL]</Text>
      </RunInfo>
      <RunInfo computerName="Charless-MacBook-Pro" outcome="Error" timestamp="2025-08-23T00:26:36.0940610-04:00">
        <Text>[xUnit.net 00:00:00.19]     AIEngineTests.Tests.AgeVerificationTests.Should_Allow_Guest_Users_Limited_Access [FAIL]</Text>
      </RunInfo>
      <RunInfo computerName="Charless-MacBook-Pro" outcome="Error" timestamp="2025-08-23T00:26:36.1289870-04:00">
        <Text>[xUnit.net 00:00:00.20]     AIEngineTests.Tests.ConversationFlowTests.Should_Progress_Through_Stages_Naturally [FAIL]</Text>
      </RunInfo>
      <RunInfo computerName="Charless-MacBook-Pro" outcome="Error" timestamp="2025-08-23T00:26:36.1290230-04:00">
        <Text>[xUnit.net 00:00:00.21]     AIEngineTests.Tests.ParsingTests.Should_Parse_Budget_Ranges(budgetPhrase: "$10 to $20", expectedMin: 10, expectedMax: 20) [FAIL]</Text>
      </RunInfo>
      <RunInfo computerName="Charless-MacBook-Pro" outcome="Error" timestamp="2025-08-23T00:26:36.1290450-04:00">
        <Text>[xUnit.net 00:00:00.21]     AIEngineTests.Tests.DirectProductRequestTests.Should_Return_Products_For_Direct_Sativa_Joint_Request [FAIL]</Text>
      </RunInfo>
      <RunInfo computerName="Charless-MacBook-Pro" outcome="Error" timestamp="2025-08-23T00:26:36.1290650-04:00">
        <Text>[xUnit.net 00:00:00.21]     AIEngineTests.Tests.AgeVerificationTests.Should_Allow_Verified_Users_To_See_Products [FAIL]</Text>
      </RunInfo>
      <RunInfo computerName="Charless-MacBook-Pro" outcome="Error" timestamp="2025-08-23T00:26:36.1290970-04:00">
        <Text>[xUnit.net 00:00:00.21]     AIEngineTests.Tests.ParsingTests.Should_Parse_Budget_Ranges(budgetPhrase: "between 15 and 30", expectedMin: 15, expectedMax: 30) [FAIL]</Text>
      </RunInfo>
      <RunInfo computerName="Charless-MacBook-Pro" outcome="Error" timestamp="2025-08-23T00:26:36.1291420-04:00">
        <Text>[xUnit.net 00:00:00.21]     AIEngineTests.Tests.ConversationFlowTests.Should_Skip_To_Recommendation_For_Direct_Requests [FAIL]</Text>
      </RunInfo>
      <RunInfo computerName="Charless-MacBook-Pro" outcome="Error" timestamp="2025-08-23T00:26:36.1291650-04:00">
        <Text>[xUnit.net 00:00:00.21]     AIEngineTests.Tests.DirectProductRequestTests.Should_Parse_Budget_Under_Pattern [FAIL]</Text>
      </RunInfo>
      <RunInfo computerName="Charless-MacBook-Pro" outcome="Error" timestamp="2025-08-23T00:26:36.1321910-04:00">
        <Text>[xUnit.net 00:00:00.21]     AIEngineTests.Tests.ParsingTests.Should_Parse_Budget_Ranges(budgetPhrase: "20-40 dollars", expectedMin: 20, expectedMax: 40) [FAIL]</Text>
      </RunInfo>
      <RunInfo computerName="Charless-MacBook-Pro" outcome="Error" timestamp="2025-08-23T00:26:36.1322270-04:00">
        <Text>[xUnit.net 00:00:00.21]     AIEngineTests.Tests.ConversationFlowTests.Should_Remember_Customer_Context [FAIL]</Text>
      </RunInfo>
      <RunInfo computerName="Charless-MacBook-Pro" outcome="Error" timestamp="2025-08-23T00:26:36.1322510-04:00">
        <Text>[xUnit.net 00:00:00.21]     AIEngineTests.Tests.DirectProductRequestTests.Should_Handle_Multiple_Criteria [FAIL]</Text>
      </RunInfo>
      <RunInfo computerName="Charless-MacBook-Pro" outcome="Error" timestamp="2025-08-23T00:26:36.1322760-04:00">
        <Text>[xUnit.net 00:00:00.21]     AIEngineTests.Tests.ParsingTests.Should_Parse_Product_Types(productType: "joint", expectedKeywords: ["joint", "pre-roll"]) [FAIL]</Text>
      </RunInfo>
      <RunInfo computerName="Charless-MacBook-Pro" outcome="Error" timestamp="2025-08-23T00:26:36.1322980-04:00">
        <Text>[xUnit.net 00:00:00.21]     AIEngineTests.Tests.ParsingTests.Should_Parse_Product_Types(productType: "edible", expectedKeywords: ["edible", "gummy", "chocolate"]) [FAIL]</Text>
      </RunInfo>
      <RunInfo computerName="Charless-MacBook-Pro" outcome="Error" timestamp="2025-08-23T00:26:36.1323210-04:00">
        <Text>[xUnit.net 00:00:00.21]     AIEngineTests.Tests.ParsingTests.Should_Parse_Product_Types(productType: "joints", expectedKeywords: ["joint", "pre-roll"]) [FAIL]</Text>
      </RunInfo>
      <RunInfo computerName="Charless-MacBook-Pro" outcome="Error" timestamp="2025-08-23T00:26:36.1323460-04:00">
        <Text>[xUnit.net 00:00:00.21]     AIEngineTests.Tests.ParsingTests.Should_Parse_Product_Types(productType: "vape", expectedKeywords: ["vape", "cartridge"]) [FAIL]</Text>
      </RunInfo>
      <RunInfo computerName="Charless-MacBook-Pro" outcome="Error" timestamp="2025-08-23T00:26:36.1323700-04:00">
        <Text>[xUnit.net 00:00:00.21]     AIEngineTests.Tests.ParsingTests.Should_Parse_Product_Types(productType: "flower", expectedKeywords: ["flower", "bud"]) [FAIL]</Text>
      </RunInfo>
      <RunInfo computerName="Charless-MacBook-Pro" outcome="Error" timestamp="2025-08-23T00:26:36.1323920-04:00">
        <Text>[xUnit.net 00:00:00.22]     AIEngineTests.Tests.ParsingTests.Should_Parse_Product_Types(productType: "pre-roll", expectedKeywords: ["pre-roll", "joint"]) [FAIL]</Text>
      </RunInfo>
      <RunInfo computerName="Charless-MacBook-Pro" outcome="Error" timestamp="2025-08-23T00:26:36.1324990-04:00">
        <Text>[xUnit.net 00:00:00.22]     AIEngineTests.Tests.ParsingTests.Should_Parse_Strain_Types(strainPhrase: "sativa", expectedStrain: "sativa") [FAIL]</Text>
      </RunInfo>
      <RunInfo computerName="Charless-MacBook-Pro" outcome="Error" timestamp="2025-08-23T00:26:36.1325210-04:00">
        <Text>[xUnit.net 00:00:00.22]     AIEngineTests.Tests.ParsingTests.Should_Parse_Strain_Types(strainPhrase: "indica heavy", expectedStrain: "indica") [FAIL]</Text>
      </RunInfo>
      <RunInfo computerName="Charless-MacBook-Pro" outcome="Error" timestamp="2025-08-23T00:26:36.1325410-04:00">
        <Text>[xUnit.net 00:00:00.22]     AIEngineTests.Tests.ParsingTests.Should_Parse_Strain_Types(strainPhrase: "sativa dominant", expectedStrain: "sativa") [FAIL]</Text>
      </RunInfo>
      <RunInfo computerName="Charless-MacBook-Pro" outcome="Error" timestamp="2025-08-23T00:26:36.1325620-04:00">
        <Text>[xUnit.net 00:00:00.22]     AIEngineTests.Tests.ParsingTests.Should_Parse_Strain_Types(strainPhrase: "indica", expectedStrain: "indica") [FAIL]</Text>
      </RunInfo>
      <RunInfo computerName="Charless-MacBook-Pro" outcome="Error" timestamp="2025-08-23T00:26:36.1325810-04:00">
        <Text>[xUnit.net 00:00:00.22]     AIEngineTests.Tests.ParsingTests.Should_Parse_Strain_Types(strainPhrase: "hybrid", expectedStrain: "hybrid") [FAIL]</Text>
      </RunInfo>
      <RunInfo computerName="Charless-MacBook-Pro" outcome="Error" timestamp="2025-08-23T00:26:36.1326010-04:00">
        <Text>[xUnit.net 00:00:00.22]     AIEngineTests.Tests.ParsingTests.Should_Parse_Single_Budget_Values(budgetPhrase: "under $15", expectedMax: 15) [FAIL]</Text>
      </RunInfo>
      <RunInfo computerName="Charless-MacBook-Pro" outcome="Error" timestamp="2025-08-23T00:26:36.1326210-04:00">
        <Text>[xUnit.net 00:00:00.22]     AIEngineTests.Tests.ParsingTests.Should_Parse_Single_Budget_Values(budgetPhrase: "under 10$", expectedMax: 10) [FAIL]</Text>
      </RunInfo>
      <RunInfo computerName="Charless-MacBook-Pro" outcome="Error" timestamp="2025-08-23T00:26:36.1326410-04:00">
        <Text>[xUnit.net 00:00:00.22]     AIEngineTests.Tests.ParsingTests.Should_Parse_Single_Budget_Values(budgetPhrase: "cheaper than $25", expectedMax: 25) [FAIL]</Text>
      </RunInfo>
      <RunInfo computerName="Charless-MacBook-Pro" outcome="Error" timestamp="2025-08-23T00:26:36.1326660-04:00">
        <Text>[xUnit.net 00:00:00.22]     AIEngineTests.Tests.ParsingTests.Should_Parse_Single_Budget_Values(budgetPhrase: "less than 20 dollars", expectedMax: 20) [FAIL]</Text>
      </RunInfo>
      <RunInfo computerName="Charless-MacBook-Pro" outcome="Error" timestamp="2025-08-23T00:26:36.1327690-04:00">
        <Text>[xUnit.net 00:00:00.22]     AIEngineTests.Tests.ParsingTests.Should_Parse_Single_Budget_Values(budgetPhrase: "products under 30", expectedMax: 30) [FAIL]</Text>
      </RunInfo>
      <RunInfo computerName="Charless-MacBook-Pro" outcome="Error" timestamp="2025-08-23T00:26:36.1327910-04:00">
        <Text>[xUnit.net 00:00:00.23]     AIEngineTests.Tests.ParsingTests.Should_Parse_Complex_Requests [FAIL]</Text>
      </RunInfo>
    </RunInfos>
  </ResultSummary>
</TestRun>